<?xml version="1.0" encoding="UTF-8"?>
<testsuites name="TestB" time="24" tests="0" failures="1" errors="0">
   <testsuite name="TestB" tests="0" failures="1" errors="0" time="24" timestamp="2018-05-10 11:16:19" hostname="Administrator - 10.80.109.39" id="Test Suites/TestB">
      <properties>
         <property name="deviceName" value=""/>
         <property name="devicePlatform" value=""/>
         <property name="logFolder" value="F:\\234project-backend\\234project\\Reports\\TestB\\20180510_111617"/>
         <property name="logFiles" value="F:\\234project-backend\\234project\\Reports\\TestB\\20180510_111617\\execution0.log"/>
         <property name="attachments" value="F:\\234project-backend\\234project\\Reports\\TestB\\20180510_111617\\1525925799946.png, F:\\234project-backend\\234project\\Reports\\TestB\\20180510_111617\\1525925802263.png"/>
         <property name="hostName" value="Administrator - 10.80.109.39"/>
         <property name="os" value="Windows 10 64bit"/>
         <property name="katalonVersion" value="5.4.1.1"/>
         <property name="browser" value="Chrome 62.0.3202.94"/>
         <property name="hostAddress" value="10.80.109.39"/>
         <property name="sessionId" value="c3f6af31dd26d9bc60ef8abfc35ca356"/>
         <property name="seleniumVersion" value="3.7.1"/>
         <property name="proxyInformation" value="ProxyInformation{proxyOption=NO_PROXY, proxyServerType=HTTP, password=, proxyServerAddress=, proxyServerPort=0}"/>
         <property name="platform" value="Windows 10"/>
      </properties>
      <testcase name="Test Cases/TestB" classname="Test Cases/TestB" status="FAILED">
         <failure type="FAILED" message="Verify element text of test object 'Object Repository/ShowAdminPage/a_Products' FAILED. (Root cause: Actual text 'Products' and expected text 'Product' of test object 'Object Repository/ShowAdminPage/a_Products' are NOT matched.)"/>
         <system-out><![CDATA[2018-05-10 11:16:19 - [TEST_CASE][FAILED] - Test Cases/TestB: Test Cases/TestB FAILED because (of) Verify element text of test object 'Object Repository/ShowAdminPage/a_Products' FAILED. (Root cause: Actual text 'Products' and expected text 'Product' of test object 'Object Repository/ShowAdminPage/a_Products' are NOT matched.)

2018-05-10 11:16:20 - [TEST_STEP][PASSED] - openBrowser: Browser is opened with url: ''

2018-05-10 11:16:27 - [MESSAGE][PASSED] - Browser is opened with url: ''

2018-05-10 11:16:27 - [TEST_STEP][PASSED] - navigateToUrl: Navigate to 'http://54.245.190.238:9998/' successfully

2018-05-10 11:16:37 - [MESSAGE][PASSED] - Navigate to 'http://54.245.190.238:9998/' successfully

2018-05-10 11:16:37 - [TEST_STEP][PASSED] - setText: Text 'admin' is set on object 'Object Repository/ShowAdminPage/input_username'

2018-05-10 11:16:38 - [MESSAGE][PASSED] - Text 'admin' is set on object 'Object Repository/ShowAdminPage/input_username'

2018-05-10 11:16:38 - [TEST_STEP][PASSED] - setText: Text 'admin' is set on object 'Object Repository/ShowAdminPage/input_password'

2018-05-10 11:16:38 - [MESSAGE][PASSED] - Text 'admin' is set on object 'Object Repository/ShowAdminPage/input_password'

2018-05-10 11:16:38 - [TEST_STEP][PASSED] - click: Object: 'Object Repository/ShowAdminPage/button_Login' is clicked on

2018-05-10 11:16:38 - [MESSAGE][PASSED] - Object: 'Object Repository/ShowAdminPage/button_Login' is clicked on

2018-05-10 11:16:38 - [TEST_STEP][FAILED] - verifyElementText: Verify element text of test object 'Object Repository/ShowAdminPage/a_Products' FAILED. (Root cause: Actual text 'Products' and expected text 'Product' of test object 'Object Repository/ShowAdminPage/a_Products' are NOT matched.)

2018-05-10 11:16:42 - [MESSAGE][FAILED] - Actual text 'Products' and expected text 'Product' of test object 'Object Repository/ShowAdminPage/a_Products' are NOT matched.
[[ATTACHMENT|F:\\234project-backend\\234project\\Reports\\TestB\\20180510_111617\\1525925799946.png]]

2018-05-10 11:16:42 - [MESSAGE][FAILED] - Verify element text of test object 'Object Repository/ShowAdminPage/a_Products' FAILED. (Root cause: Actual text 'Products' and expected text 'Product' of test object 'Object Repository/ShowAdminPage/a_Products' are NOT matched.)
[[ATTACHMENT|F:\\234project-backend\\234project\\Reports\\TestB\\20180510_111617\\1525925802263.png]]]]></system-out>
         <system-err><![CDATA[2018-05-10 11:16:19 - [TEST_CASE][FAILED] - Test Cases/TestB: Test Cases/TestB FAILED because (of) Verify element text of test object 'Object Repository/ShowAdminPage/a_Products' FAILED. (Root cause: Actual text 'Products' and expected text 'Product' of test object 'Object Repository/ShowAdminPage/a_Products' are NOT matched.)]]></system-err>
      </testcase>
      <system-out><![CDATA[2018-05-10 11:16:19 - [TEST_SUITE][FAILED] - TestB: Test Cases/TestB FAILED because (of) Verify element text of test object 'Object Repository/ShowAdminPage/a_Products' FAILED. (Root cause: Actual text 'Products' and expected text 'Product' of test object 'Object Repository/ShowAdminPage/a_Products' are NOT matched.)]]></system-out>
      <system-err><![CDATA[2018-05-10 11:16:19 - [TEST_SUITE][FAILED] - TestB: Test Cases/TestB FAILED because (of) Verify element text of test object 'Object Repository/ShowAdminPage/a_Products' FAILED. (Root cause: Actual text 'Products' and expected text 'Product' of test object 'Object Repository/ShowAdminPage/a_Products' are NOT matched.)]]></system-err>
   </testsuite>
</testsuites>
