<?xml version="1.0" encoding="UTF-8"?>
<testsuites name="TestI" time="91" tests="0" failures="3" errors="0">
   <testsuite name="TestI" tests="0" failures="3" errors="0" time="91" timestamp="2018-05-10 00:13:08" hostname="Administrator - USER-20170218VE" id="Test Suites/TestI">
      <properties>
         <property name="deviceName" value=""/>
         <property name="devicePlatform" value=""/>
         <property name="logFolder" value="F:\\234project-backend\\234project\\Reports\\TestI\\20180510_001259"/>
         <property name="logFiles" value="F:\\234project-backend\\234project\\Reports\\TestI\\20180510_001259\\execution0.log"/>
         <property name="attachments" value=""/>
         <property name="hostName" value="Administrator - USER-20170218VE"/>
         <property name="os" value="Windows 10 64bit"/>
         <property name="katalonVersion" value="5.4.1.1"/>
         <property name="browser" value="Chrome 62.0.3202.94"/>
         <property name="hostAddress" value="192.168.0.103"/>
         <property name="sessionId" value="b8c269aa829e598d5448446757f796e7"/>
         <property name="seleniumVersion" value="3.7.1"/>
         <property name="proxyInformation" value="ProxyInformation{proxyOption=NO_PROXY, proxyServerType=HTTP, password=, proxyServerAddress=, proxyServerPort=0}"/>
         <property name="platform" value="Windows 10"/>
      </properties>
      <testcase name="Test Cases/TestI" classname="Test Cases/TestI" status="FAILED">
         <failure type="FAILED" message="Verify element text of test object 'Object Repository/ChangeAmountAndConfirm/div_Well done You successfully' FAILED. (Root cause: org.openqa.selenium.UnhandledAlertException: unexpected alert open: {Alert text : Are you going to add the order values 40,462 THB}
  (Session info: chrome=62.0.3202.94)
  (Driver info: chromedriver=2.35.528161 (5b82f2d2aae0ca24b877009200ced9065a772e73),platform=Windows NT 10.0.14393 x86_64) (WARNING: The server did not provide any stacktrace information)
Command duration or timeout: 0 milliseconds: null
Build info: version: '3.7.1', revision: '8a0099a', time: '2017-11-06T21:07:36.161Z'
System info: host: 'USER-20170218VE', ip: '192.168.0.103', os.name: 'Windows 10', os.arch: 'amd64', os.version: '10.0', java.version: '1.8.0_102'
Driver info: com.kms.katalon.selenium.driver.CChromeDriver
Capabilities {acceptInsecureCerts: false, acceptSslCerts: false, applicationCacheEnabled: false, browserConnectionEnabled: false, browserName: chrome, chrome: {chromedriverVersion: 2.35.528161 (5b82f2d2aae0ca..., userDataDir: C:\Users\Administrator\AppD...}, cssSelectorsEnabled: true, databaseEnabled: false, handlesAlerts: true, hasTouchScreen: false, javascriptEnabled: true, locationContextEnabled: true, mobileEmulationEnabled: false, nativeEvents: true, networkConnectionEnabled: false, pageLoadStrategy: normal, platform: XP, platformName: XP, rotatable: false, setWindowRect: true, takesHeapSnapshot: true, takesScreenshot: true, unexpectedAlertBehaviour: , unhandledPromptBehavior: , version: 62.0.3202.94, webStorageEnabled: true}
Session ID: f1cf2b9eef430cd8a5f30039766b9a98
*** Element info: {Using=xpath, value=//div[(text() = '
      Well done! You successfully added the transaction.
    ' or . = '
      Well done! You successfully added the transaction.
    ')]})"/>
         <system-out><![CDATA[2018-05-10 00:13:09 - [TEST_CASE][FAILED] - Test Cases/TestI: Test Cases/TestI FAILED because (of) Verify element text of test object 'Object Repository/ChangeAmountAndConfirm/div_Well done You successfully' FAILED. (Root cause: org.openqa.selenium.UnhandledAlertException: unexpected alert open: {Alert text : Are you going to add the order values 40,462 THB}
  (Session info: chrome=62.0.3202.94)
  (Driver info: chromedriver=2.35.528161 (5b82f2d2aae0ca24b877009200ced9065a772e73),platform=Windows NT 10.0.14393 x86_64) (WARNING: The server did not provide any stacktrace information)
Command duration or timeout: 0 milliseconds: null
Build info: version: '3.7.1', revision: '8a0099a', time: '2017-11-06T21:07:36.161Z'
System info: host: 'USER-20170218VE', ip: '192.168.0.103', os.name: 'Windows 10', os.arch: 'amd64', os.version: '10.0', java.version: '1.8.0_102'
Driver info: com.kms.katalon.selenium.driver.CChromeDriver
Capabilities {acceptInsecureCerts: false, acceptSslCerts: false, applicationCacheEnabled: false, browserConnectionEnabled: false, browserName: chrome, chrome: {chromedriverVersion: 2.35.528161 (5b82f2d2aae0ca..., userDataDir: C:\Users\Administrator\AppD...}, cssSelectorsEnabled: true, databaseEnabled: false, handlesAlerts: true, hasTouchScreen: false, javascriptEnabled: true, locationContextEnabled: true, mobileEmulationEnabled: false, nativeEvents: true, networkConnectionEnabled: false, pageLoadStrategy: normal, platform: XP, platformName: XP, rotatable: false, setWindowRect: true, takesHeapSnapshot: true, takesScreenshot: true, unexpectedAlertBehaviour: , unhandledPromptBehavior: , version: 62.0.3202.94, webStorageEnabled: true}
Session ID: f1cf2b9eef430cd8a5f30039766b9a98
*** Element info: {Using=xpath, value=//div[(text() = '
      Well done! You successfully added the transaction.
    ' or . = '
      Well done! You successfully added the transaction.
    ')]})

2018-05-10 00:13:09 - [TEST_STEP][PASSED] - openBrowser: Browser is opened with url: ''

2018-05-10 00:13:31 - [MESSAGE][PASSED] - Browser is opened with url: ''

2018-05-10 00:13:31 - [TEST_STEP][PASSED] - navigateToUrl: Navigate to 'http://54.245.190.238:9998/' successfully

2018-05-10 00:13:43 - [MESSAGE][PASSED] - Navigate to 'http://54.245.190.238:9998/' successfully

2018-05-10 00:13:43 - [TEST_STEP][PASSED] - setText: Text 'user' is set on object 'Object Repository/ChangeAmountAndConfirm/input_username'

2018-05-10 00:13:49 - [MESSAGE][PASSED] - Text 'user' is set on object 'Object Repository/ChangeAmountAndConfirm/input_username'

2018-05-10 00:13:49 - [TEST_STEP][PASSED] - setText: Text 'user' is set on object 'Object Repository/ChangeAmountAndConfirm/input_password'

2018-05-10 00:13:49 - [MESSAGE][PASSED] - Text 'user' is set on object 'Object Repository/ChangeAmountAndConfirm/input_password'

2018-05-10 00:13:49 - [TEST_STEP][PASSED] - click: Object: 'Object Repository/ChangeAmountAndConfirm/button_Login' is clicked on

2018-05-10 00:13:49 - [MESSAGE][PASSED] - Object: 'Object Repository/ChangeAmountAndConfirm/button_Login' is clicked on

2018-05-10 00:13:49 - [TEST_STEP][PASSED] - click: Object: 'Object Repository/ChangeAmountAndConfirm/button_add to cart' is clicked on

2018-05-10 00:13:52 - [MESSAGE][PASSED] - Object: 'Object Repository/ChangeAmountAndConfirm/button_add to cart' is clicked on

2018-05-10 00:13:52 - [TEST_STEP][PASSED] - click: Object: 'Object Repository/ChangeAmountAndConfirm/button_add to cart' is clicked on

2018-05-10 00:13:52 - [MESSAGE][PASSED] - Object: 'Object Repository/ChangeAmountAndConfirm/button_add to cart' is clicked on

2018-05-10 00:13:52 - [TEST_STEP][PASSED] - click: Object: 'Object Repository/ChangeAmountAndConfirm/button_add to cart' is clicked on

2018-05-10 00:13:52 - [MESSAGE][PASSED] - Object: 'Object Repository/ChangeAmountAndConfirm/button_add to cart' is clicked on

2018-05-10 00:13:52 - [TEST_STEP][PASSED] - click: Object: 'Object Repository/ChangeAmountAndConfirm/button_add to cart' is clicked on

2018-05-10 00:13:52 - [MESSAGE][PASSED] - Object: 'Object Repository/ChangeAmountAndConfirm/button_add to cart' is clicked on

2018-05-10 00:13:52 - [TEST_STEP][PASSED] - click: Object: 'Object Repository/ChangeAmountAndConfirm/button_add to cart' is clicked on

2018-05-10 00:13:52 - [MESSAGE][PASSED] - Object: 'Object Repository/ChangeAmountAndConfirm/button_add to cart' is clicked on

2018-05-10 00:13:52 - [TEST_STEP][PASSED] - click: Object: 'Object Repository/ChangeAmountAndConfirm/a_Carts            5' is clicked on

2018-05-10 00:13:52 - [MESSAGE][PASSED] - Object: 'Object Repository/ChangeAmountAndConfirm/a_Carts            5' is clicked on

2018-05-10 00:13:52 - [TEST_STEP][PASSED] - verifyElementText: Actual text and expected text of test object 'Object Repository/ChangeAmountAndConfirm/td_Garden' are matched.

2018-05-10 00:13:53 - [MESSAGE][PASSED] - Actual text and expected text of test object 'Object Repository/ChangeAmountAndConfirm/td_Garden' are matched.

2018-05-10 00:13:53 - [TEST_STEP][PASSED] - verifyElementText: Actual text and expected text of test object 'Object Repository/ChangeAmountAndConfirm/td_Banana' are matched.

2018-05-10 00:13:53 - [MESSAGE][PASSED] - Actual text and expected text of test object 'Object Repository/ChangeAmountAndConfirm/td_Banana' are matched.

2018-05-10 00:13:53 - [TEST_STEP][PASSED] - verifyElementText: Actual text and expected text of test object 'Object Repository/ChangeAmountAndConfirm/td_Orange' are matched.

2018-05-10 00:13:53 - [MESSAGE][PASSED] - Actual text and expected text of test object 'Object Repository/ChangeAmountAndConfirm/td_Orange' are matched.

2018-05-10 00:13:53 - [TEST_STEP][PASSED] - verifyElementText: Actual text and expected text of test object 'Object Repository/ChangeAmountAndConfirm/td_Papaya' are matched.

2018-05-10 00:13:54 - [MESSAGE][PASSED] - Actual text and expected text of test object 'Object Repository/ChangeAmountAndConfirm/td_Papaya' are matched.

2018-05-10 00:13:54 - [TEST_STEP][PASSED] - verifyElementText: Actual text and expected text of test object 'Object Repository/ChangeAmountAndConfirm/td_Rambutan' are matched.

2018-05-10 00:13:54 - [MESSAGE][PASSED] - Actual text and expected text of test object 'Object Repository/ChangeAmountAndConfirm/td_Rambutan' are matched.

2018-05-10 00:13:54 - [TEST_STEP][PASSED] - setText: Text '2' is set on object 'Object Repository/ChangeAmountAndConfirm/input_amount'

2018-05-10 00:13:55 - [MESSAGE][PASSED] - Text '2' is set on object 'Object Repository/ChangeAmountAndConfirm/input_amount'

2018-05-10 00:13:55 - [TEST_STEP][PASSED] - click: Object: 'Object Repository/ChangeAmountAndConfirm/button_confirm' is clicked on

2018-05-10 00:13:55 - [MESSAGE][PASSED] - Object: 'Object Repository/ChangeAmountAndConfirm/button_confirm' is clicked on

2018-05-10 00:13:55 - [TEST_STEP][FAILED] - verifyElementText: Verify element text of test object 'Object Repository/ChangeAmountAndConfirm/div_Well done You successfully' FAILED. (Root cause: org.openqa.selenium.UnhandledAlertException: unexpected alert open: {Alert text : Are you going to add the order values 40,462 THB}
  (Session info: chrome=62.0.3202.94)
  (Driver info: chromedriver=2.35.528161 (5b82f2d2aae0ca24b877009200ced9065a772e73),platform=Windows NT 10.0.14393 x86_64) (WARNING: The server did not provide any stacktrace information)
Command duration or timeout: 0 milliseconds: null
Build info: version: '3.7.1', revision: '8a0099a', time: '2017-11-06T21:07:36.161Z'
System info: host: 'USER-20170218VE', ip: '192.168.0.103', os.name: 'Windows 10', os.arch: 'amd64', os.version: '10.0', java.version: '1.8.0_102'
Driver info: com.kms.katalon.selenium.driver.CChromeDriver
Capabilities {acceptInsecureCerts: false, acceptSslCerts: false, applicationCacheEnabled: false, browserConnectionEnabled: false, browserName: chrome, chrome: {chromedriverVersion: 2.35.528161 (5b82f2d2aae0ca..., userDataDir: C:\Users\Administrator\AppD...}, cssSelectorsEnabled: true, databaseEnabled: false, handlesAlerts: true, hasTouchScreen: false, javascriptEnabled: true, locationContextEnabled: true, mobileEmulationEnabled: false, nativeEvents: true, networkConnectionEnabled: false, pageLoadStrategy: normal, platform: XP, platformName: XP, rotatable: false, setWindowRect: true, takesHeapSnapshot: true, takesScreenshot: true, unexpectedAlertBehaviour: , unhandledPromptBehavior: , version: 62.0.3202.94, webStorageEnabled: true}
Session ID: f1cf2b9eef430cd8a5f30039766b9a98
*** Element info: {Using=xpath, value=//div[(text() = '
      Well done! You successfully added the transaction.
    ' or . = '
      Well done! You successfully added the transaction.
    ')]})

2018-05-10 00:13:56 - [MESSAGE][WARNING] - Cannot take screenshot

2018-05-10 00:13:56 - [MESSAGE][FAILED] - Verify element text of test object 'Object Repository/ChangeAmountAndConfirm/div_Well done You successfully' FAILED. (Root cause: org.openqa.selenium.UnhandledAlertException: unexpected alert open: {Alert text : Are you going to add the order values 40,462 THB}
  (Session info: chrome=62.0.3202.94)
  (Driver info: chromedriver=2.35.528161 (5b82f2d2aae0ca24b877009200ced9065a772e73),platform=Windows NT 10.0.14393 x86_64) (WARNING: The server did not provide any stacktrace information)
Command duration or timeout: 0 milliseconds: null
Build info: version: '3.7.1', revision: '8a0099a', time: '2017-11-06T21:07:36.161Z'
System info: host: 'USER-20170218VE', ip: '192.168.0.103', os.name: 'Windows 10', os.arch: 'amd64', os.version: '10.0', java.version: '1.8.0_102'
Driver info: com.kms.katalon.selenium.driver.CChromeDriver
Capabilities {acceptInsecureCerts: false, acceptSslCerts: false, applicationCacheEnabled: false, browserConnectionEnabled: false, browserName: chrome, chrome: {chromedriverVersion: 2.35.528161 (5b82f2d2aae0ca..., userDataDir: C:\Users\Administrator\AppD...}, cssSelectorsEnabled: true, databaseEnabled: false, handlesAlerts: true, hasTouchScreen: false, javascriptEnabled: true, locationContextEnabled: true, mobileEmulationEnabled: false, nativeEvents: true, networkConnectionEnabled: false, pageLoadStrategy: normal, platform: XP, platformName: XP, rotatable: false, setWindowRect: true, takesHeapSnapshot: true, takesScreenshot: true, unexpectedAlertBehaviour: , unhandledPromptBehavior: , version: 62.0.3202.94, webStorageEnabled: true}
Session ID: f1cf2b9eef430cd8a5f30039766b9a98
*** Element info: {Using=xpath, value=//div[(text() = '
      Well done! You successfully added the transaction.
    ' or . = '
      Well done! You successfully added the transaction.
    ')]})]]></system-out>
         <system-err><![CDATA[2018-05-10 00:13:09 - [TEST_CASE][FAILED] - Test Cases/TestI: Test Cases/TestI FAILED because (of) Verify element text of test object 'Object Repository/ChangeAmountAndConfirm/div_Well done You successfully' FAILED. (Root cause: org.openqa.selenium.UnhandledAlertException: unexpected alert open: {Alert text : Are you going to add the order values 40,462 THB}
  (Session info: chrome=62.0.3202.94)
  (Driver info: chromedriver=2.35.528161 (5b82f2d2aae0ca24b877009200ced9065a772e73),platform=Windows NT 10.0.14393 x86_64) (WARNING: The server did not provide any stacktrace information)
Command duration or timeout: 0 milliseconds: null
Build info: version: '3.7.1', revision: '8a0099a', time: '2017-11-06T21:07:36.161Z'
System info: host: 'USER-20170218VE', ip: '192.168.0.103', os.name: 'Windows 10', os.arch: 'amd64', os.version: '10.0', java.version: '1.8.0_102'
Driver info: com.kms.katalon.selenium.driver.CChromeDriver
Capabilities {acceptInsecureCerts: false, acceptSslCerts: false, applicationCacheEnabled: false, browserConnectionEnabled: false, browserName: chrome, chrome: {chromedriverVersion: 2.35.528161 (5b82f2d2aae0ca..., userDataDir: C:\Users\Administrator\AppD...}, cssSelectorsEnabled: true, databaseEnabled: false, handlesAlerts: true, hasTouchScreen: false, javascriptEnabled: true, locationContextEnabled: true, mobileEmulationEnabled: false, nativeEvents: true, networkConnectionEnabled: false, pageLoadStrategy: normal, platform: XP, platformName: XP, rotatable: false, setWindowRect: true, takesHeapSnapshot: true, takesScreenshot: true, unexpectedAlertBehaviour: , unhandledPromptBehavior: , version: 62.0.3202.94, webStorageEnabled: true}
Session ID: f1cf2b9eef430cd8a5f30039766b9a98
*** Element info: {Using=xpath, value=//div[(text() = '
      Well done! You successfully added the transaction.
    ' or . = '
      Well done! You successfully added the transaction.
    ')]})]]></system-err>
      </testcase>
      <testcase name="Test Cases/TestI" classname="Test Cases/TestI" status="FAILED">
         <failure type="FAILED" message="Verify element text of test object 'Object Repository/ChangeAmountAndConfirm/div_Well done You successfully' FAILED. (Root cause: org.openqa.selenium.UnhandledAlertException: unexpected alert open: {Alert text : Are you going to add the order values 40,462 THB}
  (Session info: chrome=62.0.3202.94)
  (Driver info: chromedriver=2.35.528161 (5b82f2d2aae0ca24b877009200ced9065a772e73),platform=Windows NT 10.0.14393 x86_64) (WARNING: The server did not provide any stacktrace information)
Command duration or timeout: 0 milliseconds: null
Build info: version: '3.7.1', revision: '8a0099a', time: '2017-11-06T21:07:36.161Z'
System info: host: 'USER-20170218VE', ip: '192.168.0.103', os.name: 'Windows 10', os.arch: 'amd64', os.version: '10.0', java.version: '1.8.0_102'
Driver info: com.kms.katalon.selenium.driver.CChromeDriver
Capabilities {acceptInsecureCerts: false, acceptSslCerts: false, applicationCacheEnabled: false, browserConnectionEnabled: false, browserName: chrome, chrome: {chromedriverVersion: 2.35.528161 (5b82f2d2aae0ca..., userDataDir: C:\Users\Administrator\AppD...}, cssSelectorsEnabled: true, databaseEnabled: false, handlesAlerts: true, hasTouchScreen: false, javascriptEnabled: true, locationContextEnabled: true, mobileEmulationEnabled: false, nativeEvents: true, networkConnectionEnabled: false, pageLoadStrategy: normal, platform: XP, platformName: XP, rotatable: false, setWindowRect: true, takesHeapSnapshot: true, takesScreenshot: true, unexpectedAlertBehaviour: , unhandledPromptBehavior: , version: 62.0.3202.94, webStorageEnabled: true}
Session ID: 1f979dcf7376c599c28202cfbfbf03a3
*** Element info: {Using=xpath, value=//div[(text() = '
      Well done! You successfully added the transaction.
    ' or . = '
      Well done! You successfully added the transaction.
    ')]})"/>
         <system-out><![CDATA[2018-05-10 00:13:56 - [TEST_CASE][FAILED] - Test Cases/TestI: Test Cases/TestI FAILED because (of) Verify element text of test object 'Object Repository/ChangeAmountAndConfirm/div_Well done You successfully' FAILED. (Root cause: org.openqa.selenium.UnhandledAlertException: unexpected alert open: {Alert text : Are you going to add the order values 40,462 THB}
  (Session info: chrome=62.0.3202.94)
  (Driver info: chromedriver=2.35.528161 (5b82f2d2aae0ca24b877009200ced9065a772e73),platform=Windows NT 10.0.14393 x86_64) (WARNING: The server did not provide any stacktrace information)
Command duration or timeout: 0 milliseconds: null
Build info: version: '3.7.1', revision: '8a0099a', time: '2017-11-06T21:07:36.161Z'
System info: host: 'USER-20170218VE', ip: '192.168.0.103', os.name: 'Windows 10', os.arch: 'amd64', os.version: '10.0', java.version: '1.8.0_102'
Driver info: com.kms.katalon.selenium.driver.CChromeDriver
Capabilities {acceptInsecureCerts: false, acceptSslCerts: false, applicationCacheEnabled: false, browserConnectionEnabled: false, browserName: chrome, chrome: {chromedriverVersion: 2.35.528161 (5b82f2d2aae0ca..., userDataDir: C:\Users\Administrator\AppD...}, cssSelectorsEnabled: true, databaseEnabled: false, handlesAlerts: true, hasTouchScreen: false, javascriptEnabled: true, locationContextEnabled: true, mobileEmulationEnabled: false, nativeEvents: true, networkConnectionEnabled: false, pageLoadStrategy: normal, platform: XP, platformName: XP, rotatable: false, setWindowRect: true, takesHeapSnapshot: true, takesScreenshot: true, unexpectedAlertBehaviour: , unhandledPromptBehavior: , version: 62.0.3202.94, webStorageEnabled: true}
Session ID: 1f979dcf7376c599c28202cfbfbf03a3
*** Element info: {Using=xpath, value=//div[(text() = '
      Well done! You successfully added the transaction.
    ' or . = '
      Well done! You successfully added the transaction.
    ')]})

2018-05-10 00:13:56 - [TEST_STEP][PASSED] - openBrowser: Browser is opened with url: ''

2018-05-10 00:13:56 - [MESSAGE][WARNING] - A browser is already opened. Closing browser and opening a new one

2018-05-10 00:14:07 - [MESSAGE][PASSED] - Browser is opened with url: ''

2018-05-10 00:14:07 - [TEST_STEP][PASSED] - navigateToUrl: Navigate to 'http://54.245.190.238:9998/' successfully

2018-05-10 00:14:15 - [MESSAGE][PASSED] - Navigate to 'http://54.245.190.238:9998/' successfully

2018-05-10 00:14:15 - [TEST_STEP][PASSED] - setText: Text 'user' is set on object 'Object Repository/ChangeAmountAndConfirm/input_username'

2018-05-10 00:14:15 - [MESSAGE][PASSED] - Text 'user' is set on object 'Object Repository/ChangeAmountAndConfirm/input_username'

2018-05-10 00:14:15 - [TEST_STEP][PASSED] - setText: Text 'user' is set on object 'Object Repository/ChangeAmountAndConfirm/input_password'

2018-05-10 00:14:15 - [MESSAGE][PASSED] - Text 'user' is set on object 'Object Repository/ChangeAmountAndConfirm/input_password'

2018-05-10 00:14:15 - [TEST_STEP][PASSED] - click: Object: 'Object Repository/ChangeAmountAndConfirm/button_Login' is clicked on

2018-05-10 00:14:15 - [MESSAGE][PASSED] - Object: 'Object Repository/ChangeAmountAndConfirm/button_Login' is clicked on

2018-05-10 00:14:15 - [TEST_STEP][PASSED] - click: Object: 'Object Repository/ChangeAmountAndConfirm/button_add to cart' is clicked on

2018-05-10 00:14:17 - [MESSAGE][PASSED] - Object: 'Object Repository/ChangeAmountAndConfirm/button_add to cart' is clicked on

2018-05-10 00:14:17 - [TEST_STEP][PASSED] - click: Object: 'Object Repository/ChangeAmountAndConfirm/button_add to cart' is clicked on

2018-05-10 00:14:17 - [MESSAGE][PASSED] - Object: 'Object Repository/ChangeAmountAndConfirm/button_add to cart' is clicked on

2018-05-10 00:14:17 - [TEST_STEP][PASSED] - click: Object: 'Object Repository/ChangeAmountAndConfirm/button_add to cart' is clicked on

2018-05-10 00:14:17 - [MESSAGE][PASSED] - Object: 'Object Repository/ChangeAmountAndConfirm/button_add to cart' is clicked on

2018-05-10 00:14:17 - [TEST_STEP][PASSED] - click: Object: 'Object Repository/ChangeAmountAndConfirm/button_add to cart' is clicked on

2018-05-10 00:14:17 - [MESSAGE][PASSED] - Object: 'Object Repository/ChangeAmountAndConfirm/button_add to cart' is clicked on

2018-05-10 00:14:17 - [TEST_STEP][PASSED] - click: Object: 'Object Repository/ChangeAmountAndConfirm/button_add to cart' is clicked on

2018-05-10 00:14:17 - [MESSAGE][PASSED] - Object: 'Object Repository/ChangeAmountAndConfirm/button_add to cart' is clicked on

2018-05-10 00:14:17 - [TEST_STEP][PASSED] - click: Object: 'Object Repository/ChangeAmountAndConfirm/a_Carts            5' is clicked on

2018-05-10 00:14:18 - [MESSAGE][PASSED] - Object: 'Object Repository/ChangeAmountAndConfirm/a_Carts            5' is clicked on

2018-05-10 00:14:18 - [TEST_STEP][PASSED] - verifyElementText: Actual text and expected text of test object 'Object Repository/ChangeAmountAndConfirm/td_Garden' are matched.

2018-05-10 00:14:18 - [MESSAGE][PASSED] - Actual text and expected text of test object 'Object Repository/ChangeAmountAndConfirm/td_Garden' are matched.

2018-05-10 00:14:18 - [TEST_STEP][PASSED] - verifyElementText: Actual text and expected text of test object 'Object Repository/ChangeAmountAndConfirm/td_Banana' are matched.

2018-05-10 00:14:18 - [MESSAGE][PASSED] - Actual text and expected text of test object 'Object Repository/ChangeAmountAndConfirm/td_Banana' are matched.

2018-05-10 00:14:18 - [TEST_STEP][PASSED] - verifyElementText: Actual text and expected text of test object 'Object Repository/ChangeAmountAndConfirm/td_Orange' are matched.

2018-05-10 00:14:18 - [MESSAGE][PASSED] - Actual text and expected text of test object 'Object Repository/ChangeAmountAndConfirm/td_Orange' are matched.

2018-05-10 00:14:18 - [TEST_STEP][PASSED] - verifyElementText: Actual text and expected text of test object 'Object Repository/ChangeAmountAndConfirm/td_Papaya' are matched.

2018-05-10 00:14:18 - [MESSAGE][PASSED] - Actual text and expected text of test object 'Object Repository/ChangeAmountAndConfirm/td_Papaya' are matched.

2018-05-10 00:14:18 - [TEST_STEP][PASSED] - verifyElementText: Actual text and expected text of test object 'Object Repository/ChangeAmountAndConfirm/td_Rambutan' are matched.

2018-05-10 00:14:18 - [MESSAGE][PASSED] - Actual text and expected text of test object 'Object Repository/ChangeAmountAndConfirm/td_Rambutan' are matched.

2018-05-10 00:14:18 - [TEST_STEP][PASSED] - setText: Text '2' is set on object 'Object Repository/ChangeAmountAndConfirm/input_amount'

2018-05-10 00:14:18 - [MESSAGE][PASSED] - Text '2' is set on object 'Object Repository/ChangeAmountAndConfirm/input_amount'

2018-05-10 00:14:18 - [TEST_STEP][PASSED] - click: Object: 'Object Repository/ChangeAmountAndConfirm/button_confirm' is clicked on

2018-05-10 00:14:18 - [MESSAGE][PASSED] - Object: 'Object Repository/ChangeAmountAndConfirm/button_confirm' is clicked on

2018-05-10 00:14:18 - [TEST_STEP][FAILED] - verifyElementText: Verify element text of test object 'Object Repository/ChangeAmountAndConfirm/div_Well done You successfully' FAILED. (Root cause: org.openqa.selenium.UnhandledAlertException: unexpected alert open: {Alert text : Are you going to add the order values 40,462 THB}
  (Session info: chrome=62.0.3202.94)
  (Driver info: chromedriver=2.35.528161 (5b82f2d2aae0ca24b877009200ced9065a772e73),platform=Windows NT 10.0.14393 x86_64) (WARNING: The server did not provide any stacktrace information)
Command duration or timeout: 0 milliseconds: null
Build info: version: '3.7.1', revision: '8a0099a', time: '2017-11-06T21:07:36.161Z'
System info: host: 'USER-20170218VE', ip: '192.168.0.103', os.name: 'Windows 10', os.arch: 'amd64', os.version: '10.0', java.version: '1.8.0_102'
Driver info: com.kms.katalon.selenium.driver.CChromeDriver
Capabilities {acceptInsecureCerts: false, acceptSslCerts: false, applicationCacheEnabled: false, browserConnectionEnabled: false, browserName: chrome, chrome: {chromedriverVersion: 2.35.528161 (5b82f2d2aae0ca..., userDataDir: C:\Users\Administrator\AppD...}, cssSelectorsEnabled: true, databaseEnabled: false, handlesAlerts: true, hasTouchScreen: false, javascriptEnabled: true, locationContextEnabled: true, mobileEmulationEnabled: false, nativeEvents: true, networkConnectionEnabled: false, pageLoadStrategy: normal, platform: XP, platformName: XP, rotatable: false, setWindowRect: true, takesHeapSnapshot: true, takesScreenshot: true, unexpectedAlertBehaviour: , unhandledPromptBehavior: , version: 62.0.3202.94, webStorageEnabled: true}
Session ID: 1f979dcf7376c599c28202cfbfbf03a3
*** Element info: {Using=xpath, value=//div[(text() = '
      Well done! You successfully added the transaction.
    ' or . = '
      Well done! You successfully added the transaction.
    ')]})

2018-05-10 00:14:18 - [MESSAGE][WARNING] - Cannot take screenshot

2018-05-10 00:14:18 - [MESSAGE][FAILED] - Verify element text of test object 'Object Repository/ChangeAmountAndConfirm/div_Well done You successfully' FAILED. (Root cause: org.openqa.selenium.UnhandledAlertException: unexpected alert open: {Alert text : Are you going to add the order values 40,462 THB}
  (Session info: chrome=62.0.3202.94)
  (Driver info: chromedriver=2.35.528161 (5b82f2d2aae0ca24b877009200ced9065a772e73),platform=Windows NT 10.0.14393 x86_64) (WARNING: The server did not provide any stacktrace information)
Command duration or timeout: 0 milliseconds: null
Build info: version: '3.7.1', revision: '8a0099a', time: '2017-11-06T21:07:36.161Z'
System info: host: 'USER-20170218VE', ip: '192.168.0.103', os.name: 'Windows 10', os.arch: 'amd64', os.version: '10.0', java.version: '1.8.0_102'
Driver info: com.kms.katalon.selenium.driver.CChromeDriver
Capabilities {acceptInsecureCerts: false, acceptSslCerts: false, applicationCacheEnabled: false, browserConnectionEnabled: false, browserName: chrome, chrome: {chromedriverVersion: 2.35.528161 (5b82f2d2aae0ca..., userDataDir: C:\Users\Administrator\AppD...}, cssSelectorsEnabled: true, databaseEnabled: false, handlesAlerts: true, hasTouchScreen: false, javascriptEnabled: true, locationContextEnabled: true, mobileEmulationEnabled: false, nativeEvents: true, networkConnectionEnabled: false, pageLoadStrategy: normal, platform: XP, platformName: XP, rotatable: false, setWindowRect: true, takesHeapSnapshot: true, takesScreenshot: true, unexpectedAlertBehaviour: , unhandledPromptBehavior: , version: 62.0.3202.94, webStorageEnabled: true}
Session ID: 1f979dcf7376c599c28202cfbfbf03a3
*** Element info: {Using=xpath, value=//div[(text() = '
      Well done! You successfully added the transaction.
    ' or . = '
      Well done! You successfully added the transaction.
    ')]})]]></system-out>
         <system-err><![CDATA[2018-05-10 00:13:56 - [TEST_CASE][FAILED] - Test Cases/TestI: Test Cases/TestI FAILED because (of) Verify element text of test object 'Object Repository/ChangeAmountAndConfirm/div_Well done You successfully' FAILED. (Root cause: org.openqa.selenium.UnhandledAlertException: unexpected alert open: {Alert text : Are you going to add the order values 40,462 THB}
  (Session info: chrome=62.0.3202.94)
  (Driver info: chromedriver=2.35.528161 (5b82f2d2aae0ca24b877009200ced9065a772e73),platform=Windows NT 10.0.14393 x86_64) (WARNING: The server did not provide any stacktrace information)
Command duration or timeout: 0 milliseconds: null
Build info: version: '3.7.1', revision: '8a0099a', time: '2017-11-06T21:07:36.161Z'
System info: host: 'USER-20170218VE', ip: '192.168.0.103', os.name: 'Windows 10', os.arch: 'amd64', os.version: '10.0', java.version: '1.8.0_102'
Driver info: com.kms.katalon.selenium.driver.CChromeDriver
Capabilities {acceptInsecureCerts: false, acceptSslCerts: false, applicationCacheEnabled: false, browserConnectionEnabled: false, browserName: chrome, chrome: {chromedriverVersion: 2.35.528161 (5b82f2d2aae0ca..., userDataDir: C:\Users\Administrator\AppD...}, cssSelectorsEnabled: true, databaseEnabled: false, handlesAlerts: true, hasTouchScreen: false, javascriptEnabled: true, locationContextEnabled: true, mobileEmulationEnabled: false, nativeEvents: true, networkConnectionEnabled: false, pageLoadStrategy: normal, platform: XP, platformName: XP, rotatable: false, setWindowRect: true, takesHeapSnapshot: true, takesScreenshot: true, unexpectedAlertBehaviour: , unhandledPromptBehavior: , version: 62.0.3202.94, webStorageEnabled: true}
Session ID: 1f979dcf7376c599c28202cfbfbf03a3
*** Element info: {Using=xpath, value=//div[(text() = '
      Well done! You successfully added the transaction.
    ' or . = '
      Well done! You successfully added the transaction.
    ')]})]]></system-err>
      </testcase>
      <testcase name="Test Cases/TestI" classname="Test Cases/TestI" status="FAILED">
         <failure type="FAILED" message="Verify element text of test object 'Object Repository/ChangeAmountAndConfirm/div_Well done You successfully' FAILED. (Root cause: org.openqa.selenium.UnhandledAlertException: unexpected alert open: {Alert text : Are you going to add the order values 40,462 THB}
  (Session info: chrome=62.0.3202.94)
  (Driver info: chromedriver=2.35.528161 (5b82f2d2aae0ca24b877009200ced9065a772e73),platform=Windows NT 10.0.14393 x86_64) (WARNING: The server did not provide any stacktrace information)
Command duration or timeout: 0 milliseconds: null
Build info: version: '3.7.1', revision: '8a0099a', time: '2017-11-06T21:07:36.161Z'
System info: host: 'USER-20170218VE', ip: '192.168.0.103', os.name: 'Windows 10', os.arch: 'amd64', os.version: '10.0', java.version: '1.8.0_102'
Driver info: com.kms.katalon.selenium.driver.CChromeDriver
Capabilities {acceptInsecureCerts: false, acceptSslCerts: false, applicationCacheEnabled: false, browserConnectionEnabled: false, browserName: chrome, chrome: {chromedriverVersion: 2.35.528161 (5b82f2d2aae0ca..., userDataDir: C:\Users\Administrator\AppD...}, cssSelectorsEnabled: true, databaseEnabled: false, handlesAlerts: true, hasTouchScreen: false, javascriptEnabled: true, locationContextEnabled: true, mobileEmulationEnabled: false, nativeEvents: true, networkConnectionEnabled: false, pageLoadStrategy: normal, platform: XP, platformName: XP, rotatable: false, setWindowRect: true, takesHeapSnapshot: true, takesScreenshot: true, unexpectedAlertBehaviour: , unhandledPromptBehavior: , version: 62.0.3202.94, webStorageEnabled: true}
Session ID: b8c269aa829e598d5448446757f796e7
*** Element info: {Using=xpath, value=//div[(text() = '
      Well done! You successfully added the transaction.
    ' or . = '
      Well done! You successfully added the transaction.
    ')]})"/>
         <system-out><![CDATA[2018-05-10 00:14:18 - [TEST_CASE][FAILED] - Test Cases/TestI: Test Cases/TestI FAILED because (of) Verify element text of test object 'Object Repository/ChangeAmountAndConfirm/div_Well done You successfully' FAILED. (Root cause: org.openqa.selenium.UnhandledAlertException: unexpected alert open: {Alert text : Are you going to add the order values 40,462 THB}
  (Session info: chrome=62.0.3202.94)
  (Driver info: chromedriver=2.35.528161 (5b82f2d2aae0ca24b877009200ced9065a772e73),platform=Windows NT 10.0.14393 x86_64) (WARNING: The server did not provide any stacktrace information)
Command duration or timeout: 0 milliseconds: null
Build info: version: '3.7.1', revision: '8a0099a', time: '2017-11-06T21:07:36.161Z'
System info: host: 'USER-20170218VE', ip: '192.168.0.103', os.name: 'Windows 10', os.arch: 'amd64', os.version: '10.0', java.version: '1.8.0_102'
Driver info: com.kms.katalon.selenium.driver.CChromeDriver
Capabilities {acceptInsecureCerts: false, acceptSslCerts: false, applicationCacheEnabled: false, browserConnectionEnabled: false, browserName: chrome, chrome: {chromedriverVersion: 2.35.528161 (5b82f2d2aae0ca..., userDataDir: C:\Users\Administrator\AppD...}, cssSelectorsEnabled: true, databaseEnabled: false, handlesAlerts: true, hasTouchScreen: false, javascriptEnabled: true, locationContextEnabled: true, mobileEmulationEnabled: false, nativeEvents: true, networkConnectionEnabled: false, pageLoadStrategy: normal, platform: XP, platformName: XP, rotatable: false, setWindowRect: true, takesHeapSnapshot: true, takesScreenshot: true, unexpectedAlertBehaviour: , unhandledPromptBehavior: , version: 62.0.3202.94, webStorageEnabled: true}
Session ID: b8c269aa829e598d5448446757f796e7
*** Element info: {Using=xpath, value=//div[(text() = '
      Well done! You successfully added the transaction.
    ' or . = '
      Well done! You successfully added the transaction.
    ')]})

2018-05-10 00:14:18 - [TEST_STEP][PASSED] - openBrowser: Browser is opened with url: ''

2018-05-10 00:14:18 - [MESSAGE][WARNING] - A browser is already opened. Closing browser and opening a new one

2018-05-10 00:14:28 - [MESSAGE][PASSED] - Browser is opened with url: ''

2018-05-10 00:14:28 - [TEST_STEP][PASSED] - navigateToUrl: Navigate to 'http://54.245.190.238:9998/' successfully

2018-05-10 00:14:35 - [MESSAGE][PASSED] - Navigate to 'http://54.245.190.238:9998/' successfully

2018-05-10 00:14:35 - [TEST_STEP][PASSED] - setText: Text 'user' is set on object 'Object Repository/ChangeAmountAndConfirm/input_username'

2018-05-10 00:14:35 - [MESSAGE][PASSED] - Text 'user' is set on object 'Object Repository/ChangeAmountAndConfirm/input_username'

2018-05-10 00:14:35 - [TEST_STEP][PASSED] - setText: Text 'user' is set on object 'Object Repository/ChangeAmountAndConfirm/input_password'

2018-05-10 00:14:35 - [MESSAGE][PASSED] - Text 'user' is set on object 'Object Repository/ChangeAmountAndConfirm/input_password'

2018-05-10 00:14:35 - [TEST_STEP][PASSED] - click: Object: 'Object Repository/ChangeAmountAndConfirm/button_Login' is clicked on

2018-05-10 00:14:36 - [MESSAGE][PASSED] - Object: 'Object Repository/ChangeAmountAndConfirm/button_Login' is clicked on

2018-05-10 00:14:36 - [TEST_STEP][PASSED] - click: Object: 'Object Repository/ChangeAmountAndConfirm/button_add to cart' is clicked on

2018-05-10 00:14:37 - [MESSAGE][PASSED] - Object: 'Object Repository/ChangeAmountAndConfirm/button_add to cart' is clicked on

2018-05-10 00:14:37 - [TEST_STEP][PASSED] - click: Object: 'Object Repository/ChangeAmountAndConfirm/button_add to cart' is clicked on

2018-05-10 00:14:37 - [MESSAGE][PASSED] - Object: 'Object Repository/ChangeAmountAndConfirm/button_add to cart' is clicked on

2018-05-10 00:14:37 - [TEST_STEP][PASSED] - click: Object: 'Object Repository/ChangeAmountAndConfirm/button_add to cart' is clicked on

2018-05-10 00:14:37 - [MESSAGE][PASSED] - Object: 'Object Repository/ChangeAmountAndConfirm/button_add to cart' is clicked on

2018-05-10 00:14:37 - [TEST_STEP][PASSED] - click: Object: 'Object Repository/ChangeAmountAndConfirm/button_add to cart' is clicked on

2018-05-10 00:14:37 - [MESSAGE][PASSED] - Object: 'Object Repository/ChangeAmountAndConfirm/button_add to cart' is clicked on

2018-05-10 00:14:37 - [TEST_STEP][PASSED] - click: Object: 'Object Repository/ChangeAmountAndConfirm/button_add to cart' is clicked on

2018-05-10 00:14:37 - [MESSAGE][PASSED] - Object: 'Object Repository/ChangeAmountAndConfirm/button_add to cart' is clicked on

2018-05-10 00:14:37 - [TEST_STEP][PASSED] - click: Object: 'Object Repository/ChangeAmountAndConfirm/a_Carts            5' is clicked on

2018-05-10 00:14:37 - [MESSAGE][PASSED] - Object: 'Object Repository/ChangeAmountAndConfirm/a_Carts            5' is clicked on

2018-05-10 00:14:37 - [TEST_STEP][PASSED] - verifyElementText: Actual text and expected text of test object 'Object Repository/ChangeAmountAndConfirm/td_Garden' are matched.

2018-05-10 00:14:37 - [MESSAGE][PASSED] - Actual text and expected text of test object 'Object Repository/ChangeAmountAndConfirm/td_Garden' are matched.

2018-05-10 00:14:37 - [TEST_STEP][PASSED] - verifyElementText: Actual text and expected text of test object 'Object Repository/ChangeAmountAndConfirm/td_Banana' are matched.

2018-05-10 00:14:37 - [MESSAGE][PASSED] - Actual text and expected text of test object 'Object Repository/ChangeAmountAndConfirm/td_Banana' are matched.

2018-05-10 00:14:37 - [TEST_STEP][PASSED] - verifyElementText: Actual text and expected text of test object 'Object Repository/ChangeAmountAndConfirm/td_Orange' are matched.

2018-05-10 00:14:38 - [MESSAGE][PASSED] - Actual text and expected text of test object 'Object Repository/ChangeAmountAndConfirm/td_Orange' are matched.

2018-05-10 00:14:38 - [TEST_STEP][PASSED] - verifyElementText: Actual text and expected text of test object 'Object Repository/ChangeAmountAndConfirm/td_Papaya' are matched.

2018-05-10 00:14:38 - [MESSAGE][PASSED] - Actual text and expected text of test object 'Object Repository/ChangeAmountAndConfirm/td_Papaya' are matched.

2018-05-10 00:14:38 - [TEST_STEP][PASSED] - verifyElementText: Actual text and expected text of test object 'Object Repository/ChangeAmountAndConfirm/td_Rambutan' are matched.

2018-05-10 00:14:38 - [MESSAGE][PASSED] - Actual text and expected text of test object 'Object Repository/ChangeAmountAndConfirm/td_Rambutan' are matched.

2018-05-10 00:14:38 - [TEST_STEP][PASSED] - setText: Text '2' is set on object 'Object Repository/ChangeAmountAndConfirm/input_amount'

2018-05-10 00:14:38 - [MESSAGE][PASSED] - Text '2' is set on object 'Object Repository/ChangeAmountAndConfirm/input_amount'

2018-05-10 00:14:38 - [TEST_STEP][PASSED] - click: Object: 'Object Repository/ChangeAmountAndConfirm/button_confirm' is clicked on

2018-05-10 00:14:38 - [MESSAGE][PASSED] - Object: 'Object Repository/ChangeAmountAndConfirm/button_confirm' is clicked on

2018-05-10 00:14:38 - [TEST_STEP][FAILED] - verifyElementText: Verify element text of test object 'Object Repository/ChangeAmountAndConfirm/div_Well done You successfully' FAILED. (Root cause: org.openqa.selenium.UnhandledAlertException: unexpected alert open: {Alert text : Are you going to add the order values 40,462 THB}
  (Session info: chrome=62.0.3202.94)
  (Driver info: chromedriver=2.35.528161 (5b82f2d2aae0ca24b877009200ced9065a772e73),platform=Windows NT 10.0.14393 x86_64) (WARNING: The server did not provide any stacktrace information)
Command duration or timeout: 0 milliseconds: null
Build info: version: '3.7.1', revision: '8a0099a', time: '2017-11-06T21:07:36.161Z'
System info: host: 'USER-20170218VE', ip: '192.168.0.103', os.name: 'Windows 10', os.arch: 'amd64', os.version: '10.0', java.version: '1.8.0_102'
Driver info: com.kms.katalon.selenium.driver.CChromeDriver
Capabilities {acceptInsecureCerts: false, acceptSslCerts: false, applicationCacheEnabled: false, browserConnectionEnabled: false, browserName: chrome, chrome: {chromedriverVersion: 2.35.528161 (5b82f2d2aae0ca..., userDataDir: C:\Users\Administrator\AppD...}, cssSelectorsEnabled: true, databaseEnabled: false, handlesAlerts: true, hasTouchScreen: false, javascriptEnabled: true, locationContextEnabled: true, mobileEmulationEnabled: false, nativeEvents: true, networkConnectionEnabled: false, pageLoadStrategy: normal, platform: XP, platformName: XP, rotatable: false, setWindowRect: true, takesHeapSnapshot: true, takesScreenshot: true, unexpectedAlertBehaviour: , unhandledPromptBehavior: , version: 62.0.3202.94, webStorageEnabled: true}
Session ID: b8c269aa829e598d5448446757f796e7
*** Element info: {Using=xpath, value=//div[(text() = '
      Well done! You successfully added the transaction.
    ' or . = '
      Well done! You successfully added the transaction.
    ')]})

2018-05-10 00:14:38 - [MESSAGE][WARNING] - Cannot take screenshot

2018-05-10 00:14:38 - [MESSAGE][FAILED] - Verify element text of test object 'Object Repository/ChangeAmountAndConfirm/div_Well done You successfully' FAILED. (Root cause: org.openqa.selenium.UnhandledAlertException: unexpected alert open: {Alert text : Are you going to add the order values 40,462 THB}
  (Session info: chrome=62.0.3202.94)
  (Driver info: chromedriver=2.35.528161 (5b82f2d2aae0ca24b877009200ced9065a772e73),platform=Windows NT 10.0.14393 x86_64) (WARNING: The server did not provide any stacktrace information)
Command duration or timeout: 0 milliseconds: null
Build info: version: '3.7.1', revision: '8a0099a', time: '2017-11-06T21:07:36.161Z'
System info: host: 'USER-20170218VE', ip: '192.168.0.103', os.name: 'Windows 10', os.arch: 'amd64', os.version: '10.0', java.version: '1.8.0_102'
Driver info: com.kms.katalon.selenium.driver.CChromeDriver
Capabilities {acceptInsecureCerts: false, acceptSslCerts: false, applicationCacheEnabled: false, browserConnectionEnabled: false, browserName: chrome, chrome: {chromedriverVersion: 2.35.528161 (5b82f2d2aae0ca..., userDataDir: C:\Users\Administrator\AppD...}, cssSelectorsEnabled: true, databaseEnabled: false, handlesAlerts: true, hasTouchScreen: false, javascriptEnabled: true, locationContextEnabled: true, mobileEmulationEnabled: false, nativeEvents: true, networkConnectionEnabled: false, pageLoadStrategy: normal, platform: XP, platformName: XP, rotatable: false, setWindowRect: true, takesHeapSnapshot: true, takesScreenshot: true, unexpectedAlertBehaviour: , unhandledPromptBehavior: , version: 62.0.3202.94, webStorageEnabled: true}
Session ID: b8c269aa829e598d5448446757f796e7
*** Element info: {Using=xpath, value=//div[(text() = '
      Well done! You successfully added the transaction.
    ' or . = '
      Well done! You successfully added the transaction.
    ')]})]]></system-out>
         <system-err><![CDATA[2018-05-10 00:14:18 - [TEST_CASE][FAILED] - Test Cases/TestI: Test Cases/TestI FAILED because (of) Verify element text of test object 'Object Repository/ChangeAmountAndConfirm/div_Well done You successfully' FAILED. (Root cause: org.openqa.selenium.UnhandledAlertException: unexpected alert open: {Alert text : Are you going to add the order values 40,462 THB}
  (Session info: chrome=62.0.3202.94)
  (Driver info: chromedriver=2.35.528161 (5b82f2d2aae0ca24b877009200ced9065a772e73),platform=Windows NT 10.0.14393 x86_64) (WARNING: The server did not provide any stacktrace information)
Command duration or timeout: 0 milliseconds: null
Build info: version: '3.7.1', revision: '8a0099a', time: '2017-11-06T21:07:36.161Z'
System info: host: 'USER-20170218VE', ip: '192.168.0.103', os.name: 'Windows 10', os.arch: 'amd64', os.version: '10.0', java.version: '1.8.0_102'
Driver info: com.kms.katalon.selenium.driver.CChromeDriver
Capabilities {acceptInsecureCerts: false, acceptSslCerts: false, applicationCacheEnabled: false, browserConnectionEnabled: false, browserName: chrome, chrome: {chromedriverVersion: 2.35.528161 (5b82f2d2aae0ca..., userDataDir: C:\Users\Administrator\AppD...}, cssSelectorsEnabled: true, databaseEnabled: false, handlesAlerts: true, hasTouchScreen: false, javascriptEnabled: true, locationContextEnabled: true, mobileEmulationEnabled: false, nativeEvents: true, networkConnectionEnabled: false, pageLoadStrategy: normal, platform: XP, platformName: XP, rotatable: false, setWindowRect: true, takesHeapSnapshot: true, takesScreenshot: true, unexpectedAlertBehaviour: , unhandledPromptBehavior: , version: 62.0.3202.94, webStorageEnabled: true}
Session ID: b8c269aa829e598d5448446757f796e7
*** Element info: {Using=xpath, value=//div[(text() = '
      Well done! You successfully added the transaction.
    ' or . = '
      Well done! You successfully added the transaction.
    ')]})]]></system-err>
      </testcase>
      <system-out><![CDATA[2018-05-10 00:13:08 - [TEST_SUITE][FAILED] - TestI: Test Cases/TestI FAILED because (of) Verify element text of test object 'Object Repository/ChangeAmountAndConfirm/div_Well done You successfully' FAILED. (Root cause: org.openqa.selenium.UnhandledAlertException: unexpected alert open: {Alert text : Are you going to add the order values 40,462 THB}
  (Session info: chrome=62.0.3202.94)
  (Driver info: chromedriver=2.35.528161 (5b82f2d2aae0ca24b877009200ced9065a772e73),platform=Windows NT 10.0.14393 x86_64) (WARNING: The server did not provide any stacktrace information)
Command duration or timeout: 0 milliseconds: null
Build info: version: '3.7.1', revision: '8a0099a', time: '2017-11-06T21:07:36.161Z'
System info: host: 'USER-20170218VE', ip: '192.168.0.103', os.name: 'Windows 10', os.arch: 'amd64', os.version: '10.0', java.version: '1.8.0_102'
Driver info: com.kms.katalon.selenium.driver.CChromeDriver
Capabilities {acceptInsecureCerts: false, acceptSslCerts: false, applicationCacheEnabled: false, browserConnectionEnabled: false, browserName: chrome, chrome: {chromedriverVersion: 2.35.528161 (5b82f2d2aae0ca..., userDataDir: C:\Users\Administrator\AppD...}, cssSelectorsEnabled: true, databaseEnabled: false, handlesAlerts: true, hasTouchScreen: false, javascriptEnabled: true, locationContextEnabled: true, mobileEmulationEnabled: false, nativeEvents: true, networkConnectionEnabled: false, pageLoadStrategy: normal, platform: XP, platformName: XP, rotatable: false, setWindowRect: true, takesHeapSnapshot: true, takesScreenshot: true, unexpectedAlertBehaviour: , unhandledPromptBehavior: , version: 62.0.3202.94, webStorageEnabled: true}
Session ID: f1cf2b9eef430cd8a5f30039766b9a98
*** Element info: {Using=xpath, value=//div[(text() = '
      Well done! You successfully added the transaction.
    ' or . = '
      Well done! You successfully added the transaction.
    ')]})]]></system-out>
      <system-err><![CDATA[2018-05-10 00:13:08 - [TEST_SUITE][FAILED] - TestI: Test Cases/TestI FAILED because (of) Verify element text of test object 'Object Repository/ChangeAmountAndConfirm/div_Well done You successfully' FAILED. (Root cause: org.openqa.selenium.UnhandledAlertException: unexpected alert open: {Alert text : Are you going to add the order values 40,462 THB}
  (Session info: chrome=62.0.3202.94)
  (Driver info: chromedriver=2.35.528161 (5b82f2d2aae0ca24b877009200ced9065a772e73),platform=Windows NT 10.0.14393 x86_64) (WARNING: The server did not provide any stacktrace information)
Command duration or timeout: 0 milliseconds: null
Build info: version: '3.7.1', revision: '8a0099a', time: '2017-11-06T21:07:36.161Z'
System info: host: 'USER-20170218VE', ip: '192.168.0.103', os.name: 'Windows 10', os.arch: 'amd64', os.version: '10.0', java.version: '1.8.0_102'
Driver info: com.kms.katalon.selenium.driver.CChromeDriver
Capabilities {acceptInsecureCerts: false, acceptSslCerts: false, applicationCacheEnabled: false, browserConnectionEnabled: false, browserName: chrome, chrome: {chromedriverVersion: 2.35.528161 (5b82f2d2aae0ca..., userDataDir: C:\Users\Administrator\AppD...}, cssSelectorsEnabled: true, databaseEnabled: false, handlesAlerts: true, hasTouchScreen: false, javascriptEnabled: true, locationContextEnabled: true, mobileEmulationEnabled: false, nativeEvents: true, networkConnectionEnabled: false, pageLoadStrategy: normal, platform: XP, platformName: XP, rotatable: false, setWindowRect: true, takesHeapSnapshot: true, takesScreenshot: true, unexpectedAlertBehaviour: , unhandledPromptBehavior: , version: 62.0.3202.94, webStorageEnabled: true}
Session ID: f1cf2b9eef430cd8a5f30039766b9a98
*** Element info: {Using=xpath, value=//div[(text() = '
      Well done! You successfully added the transaction.
    ' or . = '
      Well done! You successfully added the transaction.
    ')]})]]></system-err>
   </testsuite>
</testsuites>
