<?xml version="1.0" encoding="UTF-8"?>
<testsuites name="TestD" time="90" tests="0" failures="3" errors="0">
   <testsuite name="TestD" tests="0" failures="3" errors="0" time="90" timestamp="2018-05-09 22:08:12" hostname="Administrator - USER-20170218VE" id="Test Suites/TestD">
      <properties>
         <property name="deviceName" value=""/>
         <property name="devicePlatform" value=""/>
         <property name="logFolder" value="F:\\234project-backend\\234project\\Reports\\TestD\\20180509_220804"/>
         <property name="logFiles" value="F:\\234project-backend\\234project\\Reports\\TestD\\20180509_220804\\execution0.log"/>
         <property name="attachments" value="F:\\234project-backend\\234project\\Reports\\TestD\\20180509_220804\\1525878542958.png, F:\\234project-backend\\234project\\Reports\\TestD\\20180509_220804\\1525878543765.png, F:\\234project-backend\\234project\\Reports\\TestD\\20180509_220804\\1525878562110.png, F:\\234project-backend\\234project\\Reports\\TestD\\20180509_220804\\1525878562495.png, F:\\234project-backend\\234project\\Reports\\TestD\\20180509_220804\\1525878581237.png, F:\\234project-backend\\234project\\Reports\\TestD\\20180509_220804\\1525878581568.png"/>
         <property name="hostName" value="Administrator - USER-20170218VE"/>
         <property name="os" value="Windows 10 64bit"/>
         <property name="katalonVersion" value="5.4.1.1"/>
         <property name="browser" value="Chrome 62.0.3202.94"/>
         <property name="hostAddress" value="192.168.0.103"/>
         <property name="sessionId" value="509e2822555e6ac8aac9dc2f5d856ae3"/>
         <property name="seleniumVersion" value="3.7.1"/>
         <property name="proxyInformation" value="ProxyInformation{proxyOption=NO_PROXY, proxyServerType=HTTP, password=, proxyServerAddress=, proxyServerPort=0}"/>
         <property name="platform" value="Windows 10"/>
      </properties>
      <testcase name="Test Cases/TestD" classname="Test Cases/TestD" status="FAILED">
         <failure type="FAILED" message="Verify element text of test object 'Object Repository/ShowErrorMessageOfInputWrong/label_Usernamepassword is inco' FAILED. (Root cause: Actual text 'Username/password is incorrect' and expected text '' of test object 'Object Repository/ShowErrorMessageOfInputWrong/label_Usernamepassword is inco' are NOT matched.)"/>
         <system-out><![CDATA[2018-05-09 22:08:13 - [TEST_CASE][FAILED] - Test Cases/TestD: Test Cases/TestD FAILED because (of) Verify element text of test object 'Object Repository/ShowErrorMessageOfInputWrong/label_Usernamepassword is inco' FAILED. (Root cause: Actual text 'Username/password is incorrect' and expected text '' of test object 'Object Repository/ShowErrorMessageOfInputWrong/label_Usernamepassword is inco' are NOT matched.)

2018-05-09 22:08:13 - [TEST_STEP][PASSED] - openBrowser: Browser is opened with url: ''

2018-05-09 22:08:23 - [MESSAGE][PASSED] - Browser is opened with url: ''

2018-05-09 22:08:23 - [TEST_STEP][PASSED] - navigateToUrl: Navigate to 'http://54.245.190.238:9998/' successfully

2018-05-09 22:08:57 - [MESSAGE][PASSED] - Navigate to 'http://54.245.190.238:9998/' successfully

2018-05-09 22:08:58 - [TEST_STEP][PASSED] - setText: Text 'user1' is set on object 'Object Repository/ShowErrorMessageOfInputWrong/input_username'

2018-05-09 22:09:00 - [MESSAGE][PASSED] - Text 'user1' is set on object 'Object Repository/ShowErrorMessageOfInputWrong/input_username'

2018-05-09 22:09:00 - [TEST_STEP][PASSED] - setText: Text 'user' is set on object 'Object Repository/ShowErrorMessageOfInputWrong/input_password'

2018-05-09 22:09:00 - [MESSAGE][PASSED] - Text 'user' is set on object 'Object Repository/ShowErrorMessageOfInputWrong/input_password'

2018-05-09 22:09:00 - [TEST_STEP][PASSED] - click: Object: 'Object Repository/ShowErrorMessageOfInputWrong/button_Login' is clicked on

2018-05-09 22:09:00 - [MESSAGE][PASSED] - Object: 'Object Repository/ShowErrorMessageOfInputWrong/button_Login' is clicked on

2018-05-09 22:09:00 - [TEST_STEP][FAILED] - verifyElementText: Verify element text of test object 'Object Repository/ShowErrorMessageOfInputWrong/label_Usernamepassword is inco' FAILED. (Root cause: Actual text 'Username/password is incorrect' and expected text '' of test object 'Object Repository/ShowErrorMessageOfInputWrong/label_Usernamepassword is inco' are NOT matched.)

2018-05-09 22:09:03 - [MESSAGE][FAILED] - Actual text 'Username/password is incorrect' and expected text '' of test object 'Object Repository/ShowErrorMessageOfInputWrong/label_Usernamepassword is inco' are NOT matched.
[[ATTACHMENT|F:\\234project-backend\\234project\\Reports\\TestD\\20180509_220804\\1525878542958.png]]

2018-05-09 22:09:04 - [MESSAGE][FAILED] - Verify element text of test object 'Object Repository/ShowErrorMessageOfInputWrong/label_Usernamepassword is inco' FAILED. (Root cause: Actual text 'Username/password is incorrect' and expected text '' of test object 'Object Repository/ShowErrorMessageOfInputWrong/label_Usernamepassword is inco' are NOT matched.)
[[ATTACHMENT|F:\\234project-backend\\234project\\Reports\\TestD\\20180509_220804\\1525878543765.png]]]]></system-out>
         <system-err><![CDATA[2018-05-09 22:08:13 - [TEST_CASE][FAILED] - Test Cases/TestD: Test Cases/TestD FAILED because (of) Verify element text of test object 'Object Repository/ShowErrorMessageOfInputWrong/label_Usernamepassword is inco' FAILED. (Root cause: Actual text 'Username/password is incorrect' and expected text '' of test object 'Object Repository/ShowErrorMessageOfInputWrong/label_Usernamepassword is inco' are NOT matched.)]]></system-err>
      </testcase>
      <testcase name="Test Cases/TestD" classname="Test Cases/TestD" status="FAILED">
         <failure type="FAILED" message="Verify element text of test object 'Object Repository/ShowErrorMessageOfInputWrong/label_Usernamepassword is inco' FAILED. (Root cause: Actual text 'Username/password is incorrect' and expected text '' of test object 'Object Repository/ShowErrorMessageOfInputWrong/label_Usernamepassword is inco' are NOT matched.)"/>
         <system-out><![CDATA[2018-05-09 22:09:04 - [TEST_CASE][FAILED] - Test Cases/TestD: Test Cases/TestD FAILED because (of) Verify element text of test object 'Object Repository/ShowErrorMessageOfInputWrong/label_Usernamepassword is inco' FAILED. (Root cause: Actual text 'Username/password is incorrect' and expected text '' of test object 'Object Repository/ShowErrorMessageOfInputWrong/label_Usernamepassword is inco' are NOT matched.)

2018-05-09 22:09:04 - [TEST_STEP][PASSED] - openBrowser: Browser is opened with url: ''

2018-05-09 22:09:04 - [MESSAGE][WARNING] - A browser is already opened. Closing browser and opening a new one

2018-05-09 22:09:13 - [MESSAGE][PASSED] - Browser is opened with url: ''

2018-05-09 22:09:13 - [TEST_STEP][PASSED] - navigateToUrl: Navigate to 'http://54.245.190.238:9998/' successfully

2018-05-09 22:09:20 - [MESSAGE][PASSED] - Navigate to 'http://54.245.190.238:9998/' successfully

2018-05-09 22:09:20 - [TEST_STEP][PASSED] - setText: Text 'user1' is set on object 'Object Repository/ShowErrorMessageOfInputWrong/input_username'

2018-05-09 22:09:20 - [MESSAGE][PASSED] - Text 'user1' is set on object 'Object Repository/ShowErrorMessageOfInputWrong/input_username'

2018-05-09 22:09:20 - [TEST_STEP][PASSED] - setText: Text 'user' is set on object 'Object Repository/ShowErrorMessageOfInputWrong/input_password'

2018-05-09 22:09:20 - [MESSAGE][PASSED] - Text 'user' is set on object 'Object Repository/ShowErrorMessageOfInputWrong/input_password'

2018-05-09 22:09:20 - [TEST_STEP][PASSED] - click: Object: 'Object Repository/ShowErrorMessageOfInputWrong/button_Login' is clicked on

2018-05-09 22:09:20 - [MESSAGE][PASSED] - Object: 'Object Repository/ShowErrorMessageOfInputWrong/button_Login' is clicked on

2018-05-09 22:09:20 - [TEST_STEP][FAILED] - verifyElementText: Verify element text of test object 'Object Repository/ShowErrorMessageOfInputWrong/label_Usernamepassword is inco' FAILED. (Root cause: Actual text 'Username/password is incorrect' and expected text '' of test object 'Object Repository/ShowErrorMessageOfInputWrong/label_Usernamepassword is inco' are NOT matched.)

2018-05-09 22:09:22 - [MESSAGE][FAILED] - Actual text 'Username/password is incorrect' and expected text '' of test object 'Object Repository/ShowErrorMessageOfInputWrong/label_Usernamepassword is inco' are NOT matched.
[[ATTACHMENT|F:\\234project-backend\\234project\\Reports\\TestD\\20180509_220804\\1525878562110.png]]

2018-05-09 22:09:22 - [MESSAGE][FAILED] - Verify element text of test object 'Object Repository/ShowErrorMessageOfInputWrong/label_Usernamepassword is inco' FAILED. (Root cause: Actual text 'Username/password is incorrect' and expected text '' of test object 'Object Repository/ShowErrorMessageOfInputWrong/label_Usernamepassword is inco' are NOT matched.)
[[ATTACHMENT|F:\\234project-backend\\234project\\Reports\\TestD\\20180509_220804\\1525878562495.png]]]]></system-out>
         <system-err><![CDATA[2018-05-09 22:09:04 - [TEST_CASE][FAILED] - Test Cases/TestD: Test Cases/TestD FAILED because (of) Verify element text of test object 'Object Repository/ShowErrorMessageOfInputWrong/label_Usernamepassword is inco' FAILED. (Root cause: Actual text 'Username/password is incorrect' and expected text '' of test object 'Object Repository/ShowErrorMessageOfInputWrong/label_Usernamepassword is inco' are NOT matched.)]]></system-err>
      </testcase>
      <testcase name="Test Cases/TestD" classname="Test Cases/TestD" status="FAILED">
         <failure type="FAILED" message="Verify element text of test object 'Object Repository/ShowErrorMessageOfInputWrong/label_Usernamepassword is inco' FAILED. (Root cause: Actual text 'Username/password is incorrect' and expected text '' of test object 'Object Repository/ShowErrorMessageOfInputWrong/label_Usernamepassword is inco' are NOT matched.)"/>
         <system-out><![CDATA[2018-05-09 22:09:22 - [TEST_CASE][FAILED] - Test Cases/TestD: Test Cases/TestD FAILED because (of) Verify element text of test object 'Object Repository/ShowErrorMessageOfInputWrong/label_Usernamepassword is inco' FAILED. (Root cause: Actual text 'Username/password is incorrect' and expected text '' of test object 'Object Repository/ShowErrorMessageOfInputWrong/label_Usernamepassword is inco' are NOT matched.)

2018-05-09 22:09:22 - [TEST_STEP][PASSED] - openBrowser: Browser is opened with url: ''

2018-05-09 22:09:22 - [MESSAGE][WARNING] - A browser is already opened. Closing browser and opening a new one

2018-05-09 22:09:28 - [MESSAGE][PASSED] - Browser is opened with url: ''

2018-05-09 22:09:28 - [TEST_STEP][PASSED] - navigateToUrl: Navigate to 'http://54.245.190.238:9998/' successfully

2018-05-09 22:09:39 - [MESSAGE][PASSED] - Navigate to 'http://54.245.190.238:9998/' successfully

2018-05-09 22:09:39 - [TEST_STEP][PASSED] - setText: Text 'user1' is set on object 'Object Repository/ShowErrorMessageOfInputWrong/input_username'

2018-05-09 22:09:39 - [MESSAGE][PASSED] - Text 'user1' is set on object 'Object Repository/ShowErrorMessageOfInputWrong/input_username'

2018-05-09 22:09:39 - [TEST_STEP][PASSED] - setText: Text 'user' is set on object 'Object Repository/ShowErrorMessageOfInputWrong/input_password'

2018-05-09 22:09:39 - [MESSAGE][PASSED] - Text 'user' is set on object 'Object Repository/ShowErrorMessageOfInputWrong/input_password'

2018-05-09 22:09:39 - [TEST_STEP][PASSED] - click: Object: 'Object Repository/ShowErrorMessageOfInputWrong/button_Login' is clicked on

2018-05-09 22:09:40 - [MESSAGE][PASSED] - Object: 'Object Repository/ShowErrorMessageOfInputWrong/button_Login' is clicked on

2018-05-09 22:09:40 - [TEST_STEP][FAILED] - verifyElementText: Verify element text of test object 'Object Repository/ShowErrorMessageOfInputWrong/label_Usernamepassword is inco' FAILED. (Root cause: Actual text 'Username/password is incorrect' and expected text '' of test object 'Object Repository/ShowErrorMessageOfInputWrong/label_Usernamepassword is inco' are NOT matched.)

2018-05-09 22:09:41 - [MESSAGE][FAILED] - Actual text 'Username/password is incorrect' and expected text '' of test object 'Object Repository/ShowErrorMessageOfInputWrong/label_Usernamepassword is inco' are NOT matched.
[[ATTACHMENT|F:\\234project-backend\\234project\\Reports\\TestD\\20180509_220804\\1525878581237.png]]

2018-05-09 22:09:41 - [MESSAGE][FAILED] - Verify element text of test object 'Object Repository/ShowErrorMessageOfInputWrong/label_Usernamepassword is inco' FAILED. (Root cause: Actual text 'Username/password is incorrect' and expected text '' of test object 'Object Repository/ShowErrorMessageOfInputWrong/label_Usernamepassword is inco' are NOT matched.)
[[ATTACHMENT|F:\\234project-backend\\234project\\Reports\\TestD\\20180509_220804\\1525878581568.png]]]]></system-out>
         <system-err><![CDATA[2018-05-09 22:09:22 - [TEST_CASE][FAILED] - Test Cases/TestD: Test Cases/TestD FAILED because (of) Verify element text of test object 'Object Repository/ShowErrorMessageOfInputWrong/label_Usernamepassword is inco' FAILED. (Root cause: Actual text 'Username/password is incorrect' and expected text '' of test object 'Object Repository/ShowErrorMessageOfInputWrong/label_Usernamepassword is inco' are NOT matched.)]]></system-err>
      </testcase>
      <system-out><![CDATA[2018-05-09 22:08:12 - [TEST_SUITE][FAILED] - TestD: Test Cases/TestD FAILED because (of) Verify element text of test object 'Object Repository/ShowErrorMessageOfInputWrong/label_Usernamepassword is inco' FAILED. (Root cause: Actual text 'Username/password is incorrect' and expected text '' of test object 'Object Repository/ShowErrorMessageOfInputWrong/label_Usernamepassword is inco' are NOT matched.)]]></system-out>
      <system-err><![CDATA[2018-05-09 22:08:12 - [TEST_SUITE][FAILED] - TestD: Test Cases/TestD FAILED because (of) Verify element text of test object 'Object Repository/ShowErrorMessageOfInputWrong/label_Usernamepassword is inco' FAILED. (Root cause: Actual text 'Username/password is incorrect' and expected text '' of test object 'Object Repository/ShowErrorMessageOfInputWrong/label_Usernamepassword is inco' are NOT matched.)]]></system-err>
   </testsuite>
</testsuites>
