<?xml version="1.0" encoding="UTF-8"?>
<testsuites name="TestD" time="75" tests="0" failures="3" errors="0">
   <testsuite name="TestD" tests="0" failures="3" errors="0" time="75" timestamp="2018-05-09 22:15:19" hostname="Administrator - USER-20170218VE" id="Test Suites/TestD">
      <properties>
         <property name="deviceName" value=""/>
         <property name="devicePlatform" value=""/>
         <property name="logFolder" value="F:\\234project-backend\\234project\\Reports\\TestD\\20180509_221505"/>
         <property name="logFiles" value="F:\\234project-backend\\234project\\Reports\\TestD\\20180509_221505\\execution0.log"/>
         <property name="attachments" value="F:\\234project-backend\\234project\\Reports\\TestD\\20180509_221505\\1525878957478.png, F:\\234project-backend\\234project\\Reports\\TestD\\20180509_221505\\1525878958123.png, F:\\234project-backend\\234project\\Reports\\TestD\\20180509_221505\\1525878974182.png, F:\\234project-backend\\234project\\Reports\\TestD\\20180509_221505\\1525878974606.png, F:\\234project-backend\\234project\\Reports\\TestD\\20180509_221505\\1525878993532.png, F:\\234project-backend\\234project\\Reports\\TestD\\20180509_221505\\1525878993917.png"/>
         <property name="hostName" value="Administrator - USER-20170218VE"/>
         <property name="os" value="Windows 10 64bit"/>
         <property name="katalonVersion" value="5.4.1.1"/>
         <property name="browser" value="Chrome 62.0.3202.94"/>
         <property name="hostAddress" value="192.168.0.103"/>
         <property name="sessionId" value="591fae93d29aa038ab64ec708538b802"/>
         <property name="seleniumVersion" value="3.7.1"/>
         <property name="proxyInformation" value="ProxyInformation{proxyOption=NO_PROXY, proxyServerType=HTTP, password=, proxyServerAddress=, proxyServerPort=0}"/>
         <property name="platform" value="Windows 10"/>
      </properties>
      <testcase name="Test Cases/TestD" classname="Test Cases/TestD" status="FAILED">
         <failure type="FAILED" message="Unable to get alert text (Root cause: No alert found)"/>
         <system-out><![CDATA[2018-05-09 22:15:20 - [TEST_CASE][FAILED] - Test Cases/TestD: Test Cases/TestD FAILED because (of) Unable to get alert text (Root cause: No alert found)

2018-05-09 22:15:21 - [TEST_STEP][PASSED] - openBrowser: Browser is opened with url: ''

2018-05-09 22:15:35 - [MESSAGE][PASSED] - Browser is opened with url: ''

2018-05-09 22:15:35 - [TEST_STEP][PASSED] - navigateToUrl: Navigate to 'http://54.245.190.238:9998/' successfully

2018-05-09 22:15:54 - [MESSAGE][PASSED] - Navigate to 'http://54.245.190.238:9998/' successfully

2018-05-09 22:15:54 - [TEST_STEP][PASSED] - setText: Text 'user1' is set on object 'Object Repository/ShowErrorMessageOfInputWrong/input_username'

2018-05-09 22:15:55 - [MESSAGE][PASSED] - Text 'user1' is set on object 'Object Repository/ShowErrorMessageOfInputWrong/input_username'

2018-05-09 22:15:55 - [TEST_STEP][PASSED] - setText: Text 'user' is set on object 'Object Repository/ShowErrorMessageOfInputWrong/input_password'

2018-05-09 22:15:55 - [MESSAGE][PASSED] - Text 'user' is set on object 'Object Repository/ShowErrorMessageOfInputWrong/input_password'

2018-05-09 22:15:55 - [TEST_STEP][PASSED] - click: Object: 'Object Repository/ShowErrorMessageOfInputWrong/button_Login' is clicked on

2018-05-09 22:15:56 - [MESSAGE][PASSED] - Object: 'Object Repository/ShowErrorMessageOfInputWrong/button_Login' is clicked on

2018-05-09 22:15:56 - [TEST_STEP][FAILED] - getAlertText: Unable to get alert text (Root cause: No alert found)

2018-05-09 22:15:58 - [MESSAGE][FAILED] - No alert found
[[ATTACHMENT|F:\\234project-backend\\234project\\Reports\\TestD\\20180509_221505\\1525878957478.png]]

2018-05-09 22:15:58 - [MESSAGE][FAILED] - Unable to get alert text (Root cause: No alert found)
[[ATTACHMENT|F:\\234project-backend\\234project\\Reports\\TestD\\20180509_221505\\1525878958123.png]]]]></system-out>
         <system-err><![CDATA[2018-05-09 22:15:20 - [TEST_CASE][FAILED] - Test Cases/TestD: Test Cases/TestD FAILED because (of) Unable to get alert text (Root cause: No alert found)]]></system-err>
      </testcase>
      <testcase name="Test Cases/TestD" classname="Test Cases/TestD" status="FAILED">
         <failure type="FAILED" message="Unable to get alert text (Root cause: No alert found)"/>
         <system-out><![CDATA[2018-05-09 22:15:58 - [TEST_CASE][FAILED] - Test Cases/TestD: Test Cases/TestD FAILED because (of) Unable to get alert text (Root cause: No alert found)

2018-05-09 22:15:58 - [TEST_STEP][PASSED] - openBrowser: Browser is opened with url: ''

2018-05-09 22:15:58 - [MESSAGE][WARNING] - A browser is already opened. Closing browser and opening a new one

2018-05-09 22:16:04 - [MESSAGE][PASSED] - Browser is opened with url: ''

2018-05-09 22:16:04 - [TEST_STEP][PASSED] - navigateToUrl: Navigate to 'http://54.245.190.238:9998/' successfully

2018-05-09 22:16:13 - [MESSAGE][PASSED] - Navigate to 'http://54.245.190.238:9998/' successfully

2018-05-09 22:16:13 - [TEST_STEP][PASSED] - setText: Text 'user1' is set on object 'Object Repository/ShowErrorMessageOfInputWrong/input_username'

2018-05-09 22:16:13 - [MESSAGE][PASSED] - Text 'user1' is set on object 'Object Repository/ShowErrorMessageOfInputWrong/input_username'

2018-05-09 22:16:13 - [TEST_STEP][PASSED] - setText: Text 'user' is set on object 'Object Repository/ShowErrorMessageOfInputWrong/input_password'

2018-05-09 22:16:13 - [MESSAGE][PASSED] - Text 'user' is set on object 'Object Repository/ShowErrorMessageOfInputWrong/input_password'

2018-05-09 22:16:13 - [TEST_STEP][PASSED] - click: Object: 'Object Repository/ShowErrorMessageOfInputWrong/button_Login' is clicked on

2018-05-09 22:16:14 - [MESSAGE][PASSED] - Object: 'Object Repository/ShowErrorMessageOfInputWrong/button_Login' is clicked on

2018-05-09 22:16:14 - [TEST_STEP][FAILED] - getAlertText: Unable to get alert text (Root cause: No alert found)

2018-05-09 22:16:14 - [MESSAGE][FAILED] - No alert found
[[ATTACHMENT|F:\\234project-backend\\234project\\Reports\\TestD\\20180509_221505\\1525878974182.png]]

2018-05-09 22:16:14 - [MESSAGE][FAILED] - Unable to get alert text (Root cause: No alert found)
[[ATTACHMENT|F:\\234project-backend\\234project\\Reports\\TestD\\20180509_221505\\1525878974606.png]]]]></system-out>
         <system-err><![CDATA[2018-05-09 22:15:58 - [TEST_CASE][FAILED] - Test Cases/TestD: Test Cases/TestD FAILED because (of) Unable to get alert text (Root cause: No alert found)]]></system-err>
      </testcase>
      <testcase name="Test Cases/TestD" classname="Test Cases/TestD" status="FAILED">
         <failure type="FAILED" message="Unable to get alert text (Root cause: No alert found)"/>
         <system-out><![CDATA[2018-05-09 22:16:14 - [TEST_CASE][FAILED] - Test Cases/TestD: Test Cases/TestD FAILED because (of) Unable to get alert text (Root cause: No alert found)

2018-05-09 22:16:14 - [TEST_STEP][PASSED] - openBrowser: Browser is opened with url: ''

2018-05-09 22:16:14 - [MESSAGE][WARNING] - A browser is already opened. Closing browser and opening a new one

2018-05-09 22:16:20 - [MESSAGE][PASSED] - Browser is opened with url: ''

2018-05-09 22:16:20 - [TEST_STEP][PASSED] - navigateToUrl: Navigate to 'http://54.245.190.238:9998/' successfully

2018-05-09 22:16:32 - [MESSAGE][PASSED] - Navigate to 'http://54.245.190.238:9998/' successfully

2018-05-09 22:16:32 - [TEST_STEP][PASSED] - setText: Text 'user1' is set on object 'Object Repository/ShowErrorMessageOfInputWrong/input_username'

2018-05-09 22:16:33 - [MESSAGE][PASSED] - Text 'user1' is set on object 'Object Repository/ShowErrorMessageOfInputWrong/input_username'

2018-05-09 22:16:33 - [TEST_STEP][PASSED] - setText: Text 'user' is set on object 'Object Repository/ShowErrorMessageOfInputWrong/input_password'

2018-05-09 22:16:33 - [MESSAGE][PASSED] - Text 'user' is set on object 'Object Repository/ShowErrorMessageOfInputWrong/input_password'

2018-05-09 22:16:33 - [TEST_STEP][PASSED] - click: Object: 'Object Repository/ShowErrorMessageOfInputWrong/button_Login' is clicked on

2018-05-09 22:16:33 - [MESSAGE][PASSED] - Object: 'Object Repository/ShowErrorMessageOfInputWrong/button_Login' is clicked on

2018-05-09 22:16:33 - [TEST_STEP][FAILED] - getAlertText: Unable to get alert text (Root cause: No alert found)

2018-05-09 22:16:33 - [MESSAGE][FAILED] - No alert found
[[ATTACHMENT|F:\\234project-backend\\234project\\Reports\\TestD\\20180509_221505\\1525878993532.png]]

2018-05-09 22:16:34 - [MESSAGE][FAILED] - Unable to get alert text (Root cause: No alert found)
[[ATTACHMENT|F:\\234project-backend\\234project\\Reports\\TestD\\20180509_221505\\1525878993917.png]]]]></system-out>
         <system-err><![CDATA[2018-05-09 22:16:14 - [TEST_CASE][FAILED] - Test Cases/TestD: Test Cases/TestD FAILED because (of) Unable to get alert text (Root cause: No alert found)]]></system-err>
      </testcase>
      <system-out><![CDATA[2018-05-09 22:15:19 - [TEST_SUITE][FAILED] - TestD: Test Cases/TestD FAILED because (of) Unable to get alert text (Root cause: No alert found)]]></system-out>
      <system-err><![CDATA[2018-05-09 22:15:19 - [TEST_SUITE][FAILED] - TestD: Test Cases/TestD FAILED because (of) Unable to get alert text (Root cause: No alert found)]]></system-err>
   </testsuite>
</testsuites>
