<?xml version="1.0" encoding="UTF-8"?>
<testsuites name="TestI" time="82" tests="0" failures="3" errors="0">
   <testsuite name="TestI" tests="0" failures="3" errors="0" time="82" timestamp="2018-05-10 00:30:20" hostname="Administrator - USER-20170218VE" id="Test Suites/TestI">
      <properties>
         <property name="deviceName" value=""/>
         <property name="devicePlatform" value=""/>
         <property name="logFolder" value="F:\\234project-backend\\234project\\Reports\\TestI\\20180510_003010"/>
         <property name="logFiles" value="F:\\234project-backend\\234project\\Reports\\TestI\\20180510_003010\\execution0.log"/>
         <property name="attachments" value="F:\\234project-backend\\234project\\Reports\\TestI\\20180510_003010\\1525887052898.png, F:\\234project-backend\\234project\\Reports\\TestI\\20180510_003010\\1525887053554.png, F:\\234project-backend\\234project\\Reports\\TestI\\20180510_003010\\1525887081596.png, F:\\234project-backend\\234project\\Reports\\TestI\\20180510_003010\\1525887081888.png, F:\\234project-backend\\234project\\Reports\\TestI\\20180510_003010\\1525887100851.png, F:\\234project-backend\\234project\\Reports\\TestI\\20180510_003010\\1525887101135.png"/>
         <property name="hostName" value="Administrator - USER-20170218VE"/>
         <property name="os" value="Windows 10 64bit"/>
         <property name="katalonVersion" value="5.4.1.1"/>
         <property name="browser" value="Chrome 62.0.3202.94"/>
         <property name="hostAddress" value="192.168.0.103"/>
         <property name="sessionId" value="0d493690320778bc0ef221150dbdeb8f"/>
         <property name="seleniumVersion" value="3.7.1"/>
         <property name="proxyInformation" value="ProxyInformation{proxyOption=NO_PROXY, proxyServerType=HTTP, password=, proxyServerAddress=, proxyServerPort=0}"/>
         <property name="platform" value="Windows 10"/>
      </properties>
      <testcase name="Test Cases/TestI" classname="Test Cases/TestI" status="FAILED">
         <failure type="FAILED" message="Unable to accept alert (Root cause: No alert found)"/>
         <system-out><![CDATA[2018-05-10 00:30:21 - [TEST_CASE][FAILED] - Test Cases/TestI: Test Cases/TestI FAILED because (of) Unable to accept alert (Root cause: No alert found)

2018-05-10 00:30:21 - [TEST_STEP][PASSED] - openBrowser: Browser is opened with url: ''

2018-05-10 00:30:32 - [MESSAGE][PASSED] - Browser is opened with url: ''

2018-05-10 00:30:32 - [TEST_STEP][PASSED] - navigateToUrl: Navigate to 'http://54.245.190.238:9998/' successfully

2018-05-10 00:30:48 - [MESSAGE][PASSED] - Navigate to 'http://54.245.190.238:9998/' successfully

2018-05-10 00:30:48 - [TEST_STEP][PASSED] - setText: Text 'user' is set on object 'Object Repository/ChangeAmountAndConfirm/input_username'

2018-05-10 00:30:48 - [MESSAGE][PASSED] - Text 'user' is set on object 'Object Repository/ChangeAmountAndConfirm/input_username'

2018-05-10 00:30:48 - [TEST_STEP][PASSED] - setText: Text 'user' is set on object 'Object Repository/ChangeAmountAndConfirm/input_password'

2018-05-10 00:30:48 - [MESSAGE][PASSED] - Text 'user' is set on object 'Object Repository/ChangeAmountAndConfirm/input_password'

2018-05-10 00:30:48 - [TEST_STEP][PASSED] - click: Object: 'Object Repository/ChangeAmountAndConfirm/button_Login' is clicked on

2018-05-10 00:30:49 - [MESSAGE][PASSED] - Object: 'Object Repository/ChangeAmountAndConfirm/button_Login' is clicked on

2018-05-10 00:30:49 - [TEST_STEP][PASSED] - click: Object: 'Object Repository/ChangeAmountAndConfirm/button_add to cart' is clicked on

2018-05-10 00:30:50 - [MESSAGE][PASSED] - Object: 'Object Repository/ChangeAmountAndConfirm/button_add to cart' is clicked on

2018-05-10 00:30:50 - [TEST_STEP][PASSED] - click: Object: 'Object Repository/ChangeAmountAndConfirm/button_add to cart' is clicked on

2018-05-10 00:30:51 - [MESSAGE][PASSED] - Object: 'Object Repository/ChangeAmountAndConfirm/button_add to cart' is clicked on

2018-05-10 00:30:51 - [TEST_STEP][PASSED] - click: Object: 'Object Repository/ChangeAmountAndConfirm/button_add to cart' is clicked on

2018-05-10 00:30:51 - [MESSAGE][PASSED] - Object: 'Object Repository/ChangeAmountAndConfirm/button_add to cart' is clicked on

2018-05-10 00:30:51 - [TEST_STEP][PASSED] - click: Object: 'Object Repository/ChangeAmountAndConfirm/button_add to cart' is clicked on

2018-05-10 00:30:51 - [MESSAGE][PASSED] - Object: 'Object Repository/ChangeAmountAndConfirm/button_add to cart' is clicked on

2018-05-10 00:30:51 - [TEST_STEP][PASSED] - click: Object: 'Object Repository/ChangeAmountAndConfirm/button_add to cart' is clicked on

2018-05-10 00:30:51 - [MESSAGE][PASSED] - Object: 'Object Repository/ChangeAmountAndConfirm/button_add to cart' is clicked on

2018-05-10 00:30:51 - [TEST_STEP][PASSED] - click: Object: 'Object Repository/ChangeAmountAndConfirm/a_Carts            5' is clicked on

2018-05-10 00:30:52 - [MESSAGE][PASSED] - Object: 'Object Repository/ChangeAmountAndConfirm/a_Carts            5' is clicked on

2018-05-10 00:30:52 - [TEST_STEP][PASSED] - verifyElementText: Actual text and expected text of test object 'Object Repository/ChangeAmountAndConfirm/td_Garden' are matched.

2018-05-10 00:30:52 - [MESSAGE][PASSED] - Actual text and expected text of test object 'Object Repository/ChangeAmountAndConfirm/td_Garden' are matched.

2018-05-10 00:30:52 - [TEST_STEP][PASSED] - verifyElementText: Actual text and expected text of test object 'Object Repository/ChangeAmountAndConfirm/td_Banana' are matched.

2018-05-10 00:30:52 - [MESSAGE][PASSED] - Actual text and expected text of test object 'Object Repository/ChangeAmountAndConfirm/td_Banana' are matched.

2018-05-10 00:30:52 - [TEST_STEP][PASSED] - verifyElementText: Actual text and expected text of test object 'Object Repository/ChangeAmountAndConfirm/td_Orange' are matched.

2018-05-10 00:30:52 - [MESSAGE][PASSED] - Actual text and expected text of test object 'Object Repository/ChangeAmountAndConfirm/td_Orange' are matched.

2018-05-10 00:30:52 - [TEST_STEP][PASSED] - verifyElementText: Actual text and expected text of test object 'Object Repository/ChangeAmountAndConfirm/td_Papaya' are matched.

2018-05-10 00:30:52 - [MESSAGE][PASSED] - Actual text and expected text of test object 'Object Repository/ChangeAmountAndConfirm/td_Papaya' are matched.

2018-05-10 00:30:52 - [TEST_STEP][PASSED] - verifyElementText: Actual text and expected text of test object 'Object Repository/ChangeAmountAndConfirm/td_Rambutan' are matched.

2018-05-10 00:30:52 - [MESSAGE][PASSED] - Actual text and expected text of test object 'Object Repository/ChangeAmountAndConfirm/td_Rambutan' are matched.

2018-05-10 00:30:52 - [TEST_STEP][PASSED] - setText: Text '2' is set on object 'Object Repository/ChangeAmountAndConfirm/input_amount'

2018-05-10 00:30:52 - [MESSAGE][PASSED] - Text '2' is set on object 'Object Repository/ChangeAmountAndConfirm/input_amount'

2018-05-10 00:30:52 - [TEST_STEP][FAILED] - acceptAlert: Unable to accept alert (Root cause: No alert found)

2018-05-10 00:30:53 - [MESSAGE][FAILED] - No alert found
[[ATTACHMENT|F:\\234project-backend\\234project\\Reports\\TestI\\20180510_003010\\1525887052898.png]]

2018-05-10 00:30:53 - [MESSAGE][FAILED] - Unable to accept alert (Root cause: No alert found)
[[ATTACHMENT|F:\\234project-backend\\234project\\Reports\\TestI\\20180510_003010\\1525887053554.png]]]]></system-out>
         <system-err><![CDATA[2018-05-10 00:30:21 - [TEST_CASE][FAILED] - Test Cases/TestI: Test Cases/TestI FAILED because (of) Unable to accept alert (Root cause: No alert found)]]></system-err>
      </testcase>
      <testcase name="Test Cases/TestI" classname="Test Cases/TestI" status="FAILED">
         <failure type="FAILED" message="Unable to accept alert (Root cause: No alert found)"/>
         <system-out><![CDATA[2018-05-10 00:30:53 - [TEST_CASE][FAILED] - Test Cases/TestI: Test Cases/TestI FAILED because (of) Unable to accept alert (Root cause: No alert found)

2018-05-10 00:30:53 - [TEST_STEP][PASSED] - openBrowser: Browser is opened with url: ''

2018-05-10 00:30:53 - [MESSAGE][WARNING] - A browser is already opened. Closing browser and opening a new one

2018-05-10 00:30:59 - [MESSAGE][PASSED] - Browser is opened with url: ''

2018-05-10 00:30:59 - [TEST_STEP][PASSED] - navigateToUrl: Navigate to 'http://54.245.190.238:9998/' successfully

2018-05-10 00:31:18 - [MESSAGE][PASSED] - Navigate to 'http://54.245.190.238:9998/' successfully

2018-05-10 00:31:18 - [TEST_STEP][PASSED] - setText: Text 'user' is set on object 'Object Repository/ChangeAmountAndConfirm/input_username'

2018-05-10 00:31:18 - [MESSAGE][PASSED] - Text 'user' is set on object 'Object Repository/ChangeAmountAndConfirm/input_username'

2018-05-10 00:31:18 - [TEST_STEP][PASSED] - setText: Text 'user' is set on object 'Object Repository/ChangeAmountAndConfirm/input_password'

2018-05-10 00:31:18 - [MESSAGE][PASSED] - Text 'user' is set on object 'Object Repository/ChangeAmountAndConfirm/input_password'

2018-05-10 00:31:18 - [TEST_STEP][PASSED] - click: Object: 'Object Repository/ChangeAmountAndConfirm/button_Login' is clicked on

2018-05-10 00:31:18 - [MESSAGE][PASSED] - Object: 'Object Repository/ChangeAmountAndConfirm/button_Login' is clicked on

2018-05-10 00:31:18 - [TEST_STEP][PASSED] - click: Object: 'Object Repository/ChangeAmountAndConfirm/button_add to cart' is clicked on

2018-05-10 00:31:20 - [MESSAGE][PASSED] - Object: 'Object Repository/ChangeAmountAndConfirm/button_add to cart' is clicked on

2018-05-10 00:31:20 - [TEST_STEP][PASSED] - click: Object: 'Object Repository/ChangeAmountAndConfirm/button_add to cart' is clicked on

2018-05-10 00:31:20 - [MESSAGE][PASSED] - Object: 'Object Repository/ChangeAmountAndConfirm/button_add to cart' is clicked on

2018-05-10 00:31:20 - [TEST_STEP][PASSED] - click: Object: 'Object Repository/ChangeAmountAndConfirm/button_add to cart' is clicked on

2018-05-10 00:31:20 - [MESSAGE][PASSED] - Object: 'Object Repository/ChangeAmountAndConfirm/button_add to cart' is clicked on

2018-05-10 00:31:20 - [TEST_STEP][PASSED] - click: Object: 'Object Repository/ChangeAmountAndConfirm/button_add to cart' is clicked on

2018-05-10 00:31:20 - [MESSAGE][PASSED] - Object: 'Object Repository/ChangeAmountAndConfirm/button_add to cart' is clicked on

2018-05-10 00:31:20 - [TEST_STEP][PASSED] - click: Object: 'Object Repository/ChangeAmountAndConfirm/button_add to cart' is clicked on

2018-05-10 00:31:21 - [MESSAGE][PASSED] - Object: 'Object Repository/ChangeAmountAndConfirm/button_add to cart' is clicked on

2018-05-10 00:31:21 - [TEST_STEP][PASSED] - click: Object: 'Object Repository/ChangeAmountAndConfirm/a_Carts            5' is clicked on

2018-05-10 00:31:21 - [MESSAGE][PASSED] - Object: 'Object Repository/ChangeAmountAndConfirm/a_Carts            5' is clicked on

2018-05-10 00:31:21 - [TEST_STEP][PASSED] - verifyElementText: Actual text and expected text of test object 'Object Repository/ChangeAmountAndConfirm/td_Garden' are matched.

2018-05-10 00:31:21 - [MESSAGE][PASSED] - Actual text and expected text of test object 'Object Repository/ChangeAmountAndConfirm/td_Garden' are matched.

2018-05-10 00:31:21 - [TEST_STEP][PASSED] - verifyElementText: Actual text and expected text of test object 'Object Repository/ChangeAmountAndConfirm/td_Banana' are matched.

2018-05-10 00:31:21 - [MESSAGE][PASSED] - Actual text and expected text of test object 'Object Repository/ChangeAmountAndConfirm/td_Banana' are matched.

2018-05-10 00:31:21 - [TEST_STEP][PASSED] - verifyElementText: Actual text and expected text of test object 'Object Repository/ChangeAmountAndConfirm/td_Orange' are matched.

2018-05-10 00:31:21 - [MESSAGE][PASSED] - Actual text and expected text of test object 'Object Repository/ChangeAmountAndConfirm/td_Orange' are matched.

2018-05-10 00:31:21 - [TEST_STEP][PASSED] - verifyElementText: Actual text and expected text of test object 'Object Repository/ChangeAmountAndConfirm/td_Papaya' are matched.

2018-05-10 00:31:21 - [MESSAGE][PASSED] - Actual text and expected text of test object 'Object Repository/ChangeAmountAndConfirm/td_Papaya' are matched.

2018-05-10 00:31:21 - [TEST_STEP][PASSED] - verifyElementText: Actual text and expected text of test object 'Object Repository/ChangeAmountAndConfirm/td_Rambutan' are matched.

2018-05-10 00:31:21 - [MESSAGE][PASSED] - Actual text and expected text of test object 'Object Repository/ChangeAmountAndConfirm/td_Rambutan' are matched.

2018-05-10 00:31:21 - [TEST_STEP][PASSED] - setText: Text '2' is set on object 'Object Repository/ChangeAmountAndConfirm/input_amount'

2018-05-10 00:31:21 - [MESSAGE][PASSED] - Text '2' is set on object 'Object Repository/ChangeAmountAndConfirm/input_amount'

2018-05-10 00:31:21 - [TEST_STEP][FAILED] - acceptAlert: Unable to accept alert (Root cause: No alert found)

2018-05-10 00:31:21 - [MESSAGE][FAILED] - No alert found
[[ATTACHMENT|F:\\234project-backend\\234project\\Reports\\TestI\\20180510_003010\\1525887081596.png]]

2018-05-10 00:31:22 - [MESSAGE][FAILED] - Unable to accept alert (Root cause: No alert found)
[[ATTACHMENT|F:\\234project-backend\\234project\\Reports\\TestI\\20180510_003010\\1525887081888.png]]]]></system-out>
         <system-err><![CDATA[2018-05-10 00:30:53 - [TEST_CASE][FAILED] - Test Cases/TestI: Test Cases/TestI FAILED because (of) Unable to accept alert (Root cause: No alert found)]]></system-err>
      </testcase>
      <testcase name="Test Cases/TestI" classname="Test Cases/TestI" status="FAILED">
         <failure type="FAILED" message="Unable to accept alert (Root cause: No alert found)"/>
         <system-out><![CDATA[2018-05-10 00:31:22 - [TEST_CASE][FAILED] - Test Cases/TestI: Test Cases/TestI FAILED because (of) Unable to accept alert (Root cause: No alert found)

2018-05-10 00:31:22 - [TEST_STEP][PASSED] - openBrowser: Browser is opened with url: ''

2018-05-10 00:31:22 - [MESSAGE][WARNING] - A browser is already opened. Closing browser and opening a new one

2018-05-10 00:31:27 - [MESSAGE][PASSED] - Browser is opened with url: ''

2018-05-10 00:31:27 - [TEST_STEP][PASSED] - navigateToUrl: Navigate to 'http://54.245.190.238:9998/' successfully

2018-05-10 00:31:37 - [MESSAGE][PASSED] - Navigate to 'http://54.245.190.238:9998/' successfully

2018-05-10 00:31:37 - [TEST_STEP][PASSED] - setText: Text 'user' is set on object 'Object Repository/ChangeAmountAndConfirm/input_username'

2018-05-10 00:31:38 - [MESSAGE][PASSED] - Text 'user' is set on object 'Object Repository/ChangeAmountAndConfirm/input_username'

2018-05-10 00:31:38 - [TEST_STEP][PASSED] - setText: Text 'user' is set on object 'Object Repository/ChangeAmountAndConfirm/input_password'

2018-05-10 00:31:38 - [MESSAGE][PASSED] - Text 'user' is set on object 'Object Repository/ChangeAmountAndConfirm/input_password'

2018-05-10 00:31:38 - [TEST_STEP][PASSED] - click: Object: 'Object Repository/ChangeAmountAndConfirm/button_Login' is clicked on

2018-05-10 00:31:38 - [MESSAGE][PASSED] - Object: 'Object Repository/ChangeAmountAndConfirm/button_Login' is clicked on

2018-05-10 00:31:38 - [TEST_STEP][PASSED] - click: Object: 'Object Repository/ChangeAmountAndConfirm/button_add to cart' is clicked on

2018-05-10 00:31:39 - [MESSAGE][PASSED] - Object: 'Object Repository/ChangeAmountAndConfirm/button_add to cart' is clicked on

2018-05-10 00:31:39 - [TEST_STEP][PASSED] - click: Object: 'Object Repository/ChangeAmountAndConfirm/button_add to cart' is clicked on

2018-05-10 00:31:39 - [MESSAGE][PASSED] - Object: 'Object Repository/ChangeAmountAndConfirm/button_add to cart' is clicked on

2018-05-10 00:31:39 - [TEST_STEP][PASSED] - click: Object: 'Object Repository/ChangeAmountAndConfirm/button_add to cart' is clicked on

2018-05-10 00:31:40 - [MESSAGE][PASSED] - Object: 'Object Repository/ChangeAmountAndConfirm/button_add to cart' is clicked on

2018-05-10 00:31:40 - [TEST_STEP][PASSED] - click: Object: 'Object Repository/ChangeAmountAndConfirm/button_add to cart' is clicked on

2018-05-10 00:31:40 - [MESSAGE][PASSED] - Object: 'Object Repository/ChangeAmountAndConfirm/button_add to cart' is clicked on

2018-05-10 00:31:40 - [TEST_STEP][PASSED] - click: Object: 'Object Repository/ChangeAmountAndConfirm/button_add to cart' is clicked on

2018-05-10 00:31:40 - [MESSAGE][PASSED] - Object: 'Object Repository/ChangeAmountAndConfirm/button_add to cart' is clicked on

2018-05-10 00:31:40 - [TEST_STEP][PASSED] - click: Object: 'Object Repository/ChangeAmountAndConfirm/a_Carts            5' is clicked on

2018-05-10 00:31:40 - [MESSAGE][PASSED] - Object: 'Object Repository/ChangeAmountAndConfirm/a_Carts            5' is clicked on

2018-05-10 00:31:40 - [TEST_STEP][PASSED] - verifyElementText: Actual text and expected text of test object 'Object Repository/ChangeAmountAndConfirm/td_Garden' are matched.

2018-05-10 00:31:40 - [MESSAGE][PASSED] - Actual text and expected text of test object 'Object Repository/ChangeAmountAndConfirm/td_Garden' are matched.

2018-05-10 00:31:40 - [TEST_STEP][PASSED] - verifyElementText: Actual text and expected text of test object 'Object Repository/ChangeAmountAndConfirm/td_Banana' are matched.

2018-05-10 00:31:40 - [MESSAGE][PASSED] - Actual text and expected text of test object 'Object Repository/ChangeAmountAndConfirm/td_Banana' are matched.

2018-05-10 00:31:40 - [TEST_STEP][PASSED] - verifyElementText: Actual text and expected text of test object 'Object Repository/ChangeAmountAndConfirm/td_Orange' are matched.

2018-05-10 00:31:40 - [MESSAGE][PASSED] - Actual text and expected text of test object 'Object Repository/ChangeAmountAndConfirm/td_Orange' are matched.

2018-05-10 00:31:40 - [TEST_STEP][PASSED] - verifyElementText: Actual text and expected text of test object 'Object Repository/ChangeAmountAndConfirm/td_Papaya' are matched.

2018-05-10 00:31:40 - [MESSAGE][PASSED] - Actual text and expected text of test object 'Object Repository/ChangeAmountAndConfirm/td_Papaya' are matched.

2018-05-10 00:31:40 - [TEST_STEP][PASSED] - verifyElementText: Actual text and expected text of test object 'Object Repository/ChangeAmountAndConfirm/td_Rambutan' are matched.

2018-05-10 00:31:40 - [MESSAGE][PASSED] - Actual text and expected text of test object 'Object Repository/ChangeAmountAndConfirm/td_Rambutan' are matched.

2018-05-10 00:31:40 - [TEST_STEP][PASSED] - setText: Text '2' is set on object 'Object Repository/ChangeAmountAndConfirm/input_amount'

2018-05-10 00:31:40 - [MESSAGE][PASSED] - Text '2' is set on object 'Object Repository/ChangeAmountAndConfirm/input_amount'

2018-05-10 00:31:40 - [TEST_STEP][FAILED] - acceptAlert: Unable to accept alert (Root cause: No alert found)

2018-05-10 00:31:41 - [MESSAGE][FAILED] - No alert found
[[ATTACHMENT|F:\\234project-backend\\234project\\Reports\\TestI\\20180510_003010\\1525887100851.png]]

2018-05-10 00:31:41 - [MESSAGE][FAILED] - Unable to accept alert (Root cause: No alert found)
[[ATTACHMENT|F:\\234project-backend\\234project\\Reports\\TestI\\20180510_003010\\1525887101135.png]]]]></system-out>
         <system-err><![CDATA[2018-05-10 00:31:22 - [TEST_CASE][FAILED] - Test Cases/TestI: Test Cases/TestI FAILED because (of) Unable to accept alert (Root cause: No alert found)]]></system-err>
      </testcase>
      <system-out><![CDATA[2018-05-10 00:30:20 - [TEST_SUITE][FAILED] - TestI: Test Cases/TestI FAILED because (of) Unable to accept alert (Root cause: No alert found)]]></system-out>
      <system-err><![CDATA[2018-05-10 00:30:20 - [TEST_SUITE][FAILED] - TestI: Test Cases/TestI FAILED because (of) Unable to accept alert (Root cause: No alert found)]]></system-err>
   </testsuite>
</testsuites>
