<?xml version="1.0" encoding="UTF-8"?>
<testsuites name="TestD" time="71" tests="0" failures="3" errors="0">
   <testsuite name="TestD" tests="0" failures="3" errors="0" time="71" timestamp="2018-05-09 22:23:48" hostname="Administrator - USER-20170218VE" id="Test Suites/TestD">
      <properties>
         <property name="deviceName" value=""/>
         <property name="devicePlatform" value=""/>
         <property name="logFolder" value="F:\\234project-backend\\234project\\Reports\\TestD\\20180509_222346"/>
         <property name="logFiles" value="F:\\234project-backend\\234project\\Reports\\TestD\\20180509_222346\\execution0.log"/>
         <property name="attachments" value="F:\\234project-backend\\234project\\Reports\\TestD\\20180509_222346\\1525879454024.png, F:\\234project-backend\\234project\\Reports\\TestD\\20180509_222346\\1525879454468.png, F:\\234project-backend\\234project\\Reports\\TestD\\20180509_222346\\1525879477112.png, F:\\234project-backend\\234project\\Reports\\TestD\\20180509_222346\\1525879477573.png, F:\\234project-backend\\234project\\Reports\\TestD\\20180509_222346\\1525879497241.png, F:\\234project-backend\\234project\\Reports\\TestD\\20180509_222346\\1525879497725.png"/>
         <property name="hostName" value="Administrator - USER-20170218VE"/>
         <property name="os" value="Windows 10 64bit"/>
         <property name="katalonVersion" value="5.4.1.1"/>
         <property name="browser" value="Chrome 62.0.3202.94"/>
         <property name="hostAddress" value="192.168.0.103"/>
         <property name="sessionId" value="3fad19c8296798f2e49db1cc31ad8b3a"/>
         <property name="seleniumVersion" value="3.7.1"/>
         <property name="proxyInformation" value="ProxyInformation{proxyOption=NO_PROXY, proxyServerType=HTTP, password=, proxyServerAddress=, proxyServerPort=0}"/>
         <property name="platform" value="Windows 10"/>
      </properties>
      <testcase name="Test Cases/TestD" classname="Test Cases/TestD" status="FAILED">
         <failure type="FAILED" message="Verify element text of test object 'Object Repository/ShowErrorMessageOfInputWrong/label_Usernamepassword is inco' FAILED. (Root cause: Actual text 'Username/password is incorrect' and expected text '' of test object 'Object Repository/ShowErrorMessageOfInputWrong/label_Usernamepassword is inco' are NOT matched.)"/>
         <system-out><![CDATA[2018-05-09 22:23:48 - [TEST_CASE][FAILED] - Test Cases/TestD: Test Cases/TestD FAILED because (of) Verify element text of test object 'Object Repository/ShowErrorMessageOfInputWrong/label_Usernamepassword is inco' FAILED. (Root cause: Actual text 'Username/password is incorrect' and expected text '' of test object 'Object Repository/ShowErrorMessageOfInputWrong/label_Usernamepassword is inco' are NOT matched.)

2018-05-09 22:23:49 - [TEST_STEP][PASSED] - openBrowser: Browser is opened with url: ''

2018-05-09 22:24:00 - [MESSAGE][PASSED] - Browser is opened with url: ''

2018-05-09 22:24:00 - [TEST_STEP][PASSED] - navigateToUrl: Navigate to 'http://54.245.190.238:9998/' successfully

2018-05-09 22:24:10 - [MESSAGE][PASSED] - Navigate to 'http://54.245.190.238:9998/' successfully

2018-05-09 22:24:10 - [TEST_STEP][PASSED] - setText: Text 'userr' is set on object 'Object Repository/ShowErrorMessageOfInputWrong/input_username'

2018-05-09 22:24:12 - [MESSAGE][PASSED] - Text 'userr' is set on object 'Object Repository/ShowErrorMessageOfInputWrong/input_username'

2018-05-09 22:24:12 - [TEST_STEP][PASSED] - setText: Text 'user' is set on object 'Object Repository/ShowErrorMessageOfInputWrong/input_password'

2018-05-09 22:24:12 - [MESSAGE][PASSED] - Text 'user' is set on object 'Object Repository/ShowErrorMessageOfInputWrong/input_password'

2018-05-09 22:24:12 - [TEST_STEP][PASSED] - click: Object: 'Object Repository/ShowErrorMessageOfInputWrong/button_Login' is clicked on

2018-05-09 22:24:12 - [MESSAGE][PASSED] - Object: 'Object Repository/ShowErrorMessageOfInputWrong/button_Login' is clicked on

2018-05-09 22:24:12 - [TEST_STEP][FAILED] - verifyElementText: Verify element text of test object 'Object Repository/ShowErrorMessageOfInputWrong/label_Usernamepassword is inco' FAILED. (Root cause: Actual text 'Username/password is incorrect' and expected text '' of test object 'Object Repository/ShowErrorMessageOfInputWrong/label_Usernamepassword is inco' are NOT matched.)

2018-05-09 22:24:14 - [MESSAGE][FAILED] - Actual text 'Username/password is incorrect' and expected text '' of test object 'Object Repository/ShowErrorMessageOfInputWrong/label_Usernamepassword is inco' are NOT matched.
[[ATTACHMENT|F:\\234project-backend\\234project\\Reports\\TestD\\20180509_222346\\1525879454024.png]]

2018-05-09 22:24:14 - [MESSAGE][FAILED] - Verify element text of test object 'Object Repository/ShowErrorMessageOfInputWrong/label_Usernamepassword is inco' FAILED. (Root cause: Actual text 'Username/password is incorrect' and expected text '' of test object 'Object Repository/ShowErrorMessageOfInputWrong/label_Usernamepassword is inco' are NOT matched.)
[[ATTACHMENT|F:\\234project-backend\\234project\\Reports\\TestD\\20180509_222346\\1525879454468.png]]]]></system-out>
         <system-err><![CDATA[2018-05-09 22:23:48 - [TEST_CASE][FAILED] - Test Cases/TestD: Test Cases/TestD FAILED because (of) Verify element text of test object 'Object Repository/ShowErrorMessageOfInputWrong/label_Usernamepassword is inco' FAILED. (Root cause: Actual text 'Username/password is incorrect' and expected text '' of test object 'Object Repository/ShowErrorMessageOfInputWrong/label_Usernamepassword is inco' are NOT matched.)]]></system-err>
      </testcase>
      <testcase name="Test Cases/TestD" classname="Test Cases/TestD" status="FAILED">
         <failure type="FAILED" message="Verify element text of test object 'Object Repository/ShowErrorMessageOfInputWrong/label_Usernamepassword is inco' FAILED. (Root cause: Actual text 'Username/password is incorrect' and expected text '' of test object 'Object Repository/ShowErrorMessageOfInputWrong/label_Usernamepassword is inco' are NOT matched.)"/>
         <system-out><![CDATA[2018-05-09 22:24:14 - [TEST_CASE][FAILED] - Test Cases/TestD: Test Cases/TestD FAILED because (of) Verify element text of test object 'Object Repository/ShowErrorMessageOfInputWrong/label_Usernamepassword is inco' FAILED. (Root cause: Actual text 'Username/password is incorrect' and expected text '' of test object 'Object Repository/ShowErrorMessageOfInputWrong/label_Usernamepassword is inco' are NOT matched.)

2018-05-09 22:24:14 - [TEST_STEP][PASSED] - openBrowser: Browser is opened with url: ''

2018-05-09 22:24:14 - [MESSAGE][WARNING] - A browser is already opened. Closing browser and opening a new one

2018-05-09 22:24:21 - [MESSAGE][PASSED] - Browser is opened with url: ''

2018-05-09 22:24:21 - [TEST_STEP][PASSED] - navigateToUrl: Navigate to 'http://54.245.190.238:9998/' successfully

2018-05-09 22:24:35 - [MESSAGE][PASSED] - Navigate to 'http://54.245.190.238:9998/' successfully

2018-05-09 22:24:35 - [TEST_STEP][PASSED] - setText: Text 'userr' is set on object 'Object Repository/ShowErrorMessageOfInputWrong/input_username'

2018-05-09 22:24:35 - [MESSAGE][PASSED] - Text 'userr' is set on object 'Object Repository/ShowErrorMessageOfInputWrong/input_username'

2018-05-09 22:24:35 - [TEST_STEP][PASSED] - setText: Text 'user' is set on object 'Object Repository/ShowErrorMessageOfInputWrong/input_password'

2018-05-09 22:24:35 - [MESSAGE][PASSED] - Text 'user' is set on object 'Object Repository/ShowErrorMessageOfInputWrong/input_password'

2018-05-09 22:24:35 - [TEST_STEP][PASSED] - click: Object: 'Object Repository/ShowErrorMessageOfInputWrong/button_Login' is clicked on

2018-05-09 22:24:35 - [MESSAGE][PASSED] - Object: 'Object Repository/ShowErrorMessageOfInputWrong/button_Login' is clicked on

2018-05-09 22:24:35 - [TEST_STEP][FAILED] - verifyElementText: Verify element text of test object 'Object Repository/ShowErrorMessageOfInputWrong/label_Usernamepassword is inco' FAILED. (Root cause: Actual text 'Username/password is incorrect' and expected text '' of test object 'Object Repository/ShowErrorMessageOfInputWrong/label_Usernamepassword is inco' are NOT matched.)

2018-05-09 22:24:37 - [MESSAGE][FAILED] - Actual text 'Username/password is incorrect' and expected text '' of test object 'Object Repository/ShowErrorMessageOfInputWrong/label_Usernamepassword is inco' are NOT matched.
[[ATTACHMENT|F:\\234project-backend\\234project\\Reports\\TestD\\20180509_222346\\1525879477112.png]]

2018-05-09 22:24:37 - [MESSAGE][FAILED] - Verify element text of test object 'Object Repository/ShowErrorMessageOfInputWrong/label_Usernamepassword is inco' FAILED. (Root cause: Actual text 'Username/password is incorrect' and expected text '' of test object 'Object Repository/ShowErrorMessageOfInputWrong/label_Usernamepassword is inco' are NOT matched.)
[[ATTACHMENT|F:\\234project-backend\\234project\\Reports\\TestD\\20180509_222346\\1525879477573.png]]]]></system-out>
         <system-err><![CDATA[2018-05-09 22:24:14 - [TEST_CASE][FAILED] - Test Cases/TestD: Test Cases/TestD FAILED because (of) Verify element text of test object 'Object Repository/ShowErrorMessageOfInputWrong/label_Usernamepassword is inco' FAILED. (Root cause: Actual text 'Username/password is incorrect' and expected text '' of test object 'Object Repository/ShowErrorMessageOfInputWrong/label_Usernamepassword is inco' are NOT matched.)]]></system-err>
      </testcase>
      <testcase name="Test Cases/TestD" classname="Test Cases/TestD" status="FAILED">
         <failure type="FAILED" message="Verify element text of test object 'Object Repository/ShowErrorMessageOfInputWrong/label_Usernamepassword is inco' FAILED. (Root cause: Actual text 'Username/password is incorrect' and expected text '' of test object 'Object Repository/ShowErrorMessageOfInputWrong/label_Usernamepassword is inco' are NOT matched.)"/>
         <system-out><![CDATA[2018-05-09 22:24:37 - [TEST_CASE][FAILED] - Test Cases/TestD: Test Cases/TestD FAILED because (of) Verify element text of test object 'Object Repository/ShowErrorMessageOfInputWrong/label_Usernamepassword is inco' FAILED. (Root cause: Actual text 'Username/password is incorrect' and expected text '' of test object 'Object Repository/ShowErrorMessageOfInputWrong/label_Usernamepassword is inco' are NOT matched.)

2018-05-09 22:24:37 - [TEST_STEP][PASSED] - openBrowser: Browser is opened with url: ''

2018-05-09 22:24:37 - [MESSAGE][WARNING] - A browser is already opened. Closing browser and opening a new one

2018-05-09 22:24:43 - [MESSAGE][PASSED] - Browser is opened with url: ''

2018-05-09 22:24:43 - [TEST_STEP][PASSED] - navigateToUrl: Navigate to 'http://54.245.190.238:9998/' successfully

2018-05-09 22:24:55 - [MESSAGE][PASSED] - Navigate to 'http://54.245.190.238:9998/' successfully

2018-05-09 22:24:55 - [TEST_STEP][PASSED] - setText: Text 'userr' is set on object 'Object Repository/ShowErrorMessageOfInputWrong/input_username'

2018-05-09 22:24:55 - [MESSAGE][PASSED] - Text 'userr' is set on object 'Object Repository/ShowErrorMessageOfInputWrong/input_username'

2018-05-09 22:24:55 - [TEST_STEP][PASSED] - setText: Text 'user' is set on object 'Object Repository/ShowErrorMessageOfInputWrong/input_password'

2018-05-09 22:24:55 - [MESSAGE][PASSED] - Text 'user' is set on object 'Object Repository/ShowErrorMessageOfInputWrong/input_password'

2018-05-09 22:24:55 - [TEST_STEP][PASSED] - click: Object: 'Object Repository/ShowErrorMessageOfInputWrong/button_Login' is clicked on

2018-05-09 22:24:56 - [MESSAGE][PASSED] - Object: 'Object Repository/ShowErrorMessageOfInputWrong/button_Login' is clicked on

2018-05-09 22:24:56 - [TEST_STEP][FAILED] - verifyElementText: Verify element text of test object 'Object Repository/ShowErrorMessageOfInputWrong/label_Usernamepassword is inco' FAILED. (Root cause: Actual text 'Username/password is incorrect' and expected text '' of test object 'Object Repository/ShowErrorMessageOfInputWrong/label_Usernamepassword is inco' are NOT matched.)

2018-05-09 22:24:57 - [MESSAGE][FAILED] - Actual text 'Username/password is incorrect' and expected text '' of test object 'Object Repository/ShowErrorMessageOfInputWrong/label_Usernamepassword is inco' are NOT matched.
[[ATTACHMENT|F:\\234project-backend\\234project\\Reports\\TestD\\20180509_222346\\1525879497241.png]]

2018-05-09 22:24:57 - [MESSAGE][FAILED] - Verify element text of test object 'Object Repository/ShowErrorMessageOfInputWrong/label_Usernamepassword is inco' FAILED. (Root cause: Actual text 'Username/password is incorrect' and expected text '' of test object 'Object Repository/ShowErrorMessageOfInputWrong/label_Usernamepassword is inco' are NOT matched.)
[[ATTACHMENT|F:\\234project-backend\\234project\\Reports\\TestD\\20180509_222346\\1525879497725.png]]]]></system-out>
         <system-err><![CDATA[2018-05-09 22:24:37 - [TEST_CASE][FAILED] - Test Cases/TestD: Test Cases/TestD FAILED because (of) Verify element text of test object 'Object Repository/ShowErrorMessageOfInputWrong/label_Usernamepassword is inco' FAILED. (Root cause: Actual text 'Username/password is incorrect' and expected text '' of test object 'Object Repository/ShowErrorMessageOfInputWrong/label_Usernamepassword is inco' are NOT matched.)]]></system-err>
      </testcase>
      <system-out><![CDATA[2018-05-09 22:23:48 - [TEST_SUITE][FAILED] - TestD: Test Cases/TestD FAILED because (of) Verify element text of test object 'Object Repository/ShowErrorMessageOfInputWrong/label_Usernamepassword is inco' FAILED. (Root cause: Actual text 'Username/password is incorrect' and expected text '' of test object 'Object Repository/ShowErrorMessageOfInputWrong/label_Usernamepassword is inco' are NOT matched.)]]></system-out>
      <system-err><![CDATA[2018-05-09 22:23:48 - [TEST_SUITE][FAILED] - TestD: Test Cases/TestD FAILED because (of) Verify element text of test object 'Object Repository/ShowErrorMessageOfInputWrong/label_Usernamepassword is inco' FAILED. (Root cause: Actual text 'Username/password is incorrect' and expected text '' of test object 'Object Repository/ShowErrorMessageOfInputWrong/label_Usernamepassword is inco' are NOT matched.)]]></system-err>
   </testsuite>
</testsuites>
