<?xml version="1.0" encoding="UTF-8"?>
<testsuites name="TestK" time="64" tests="0" failures="1" errors="0">
   <testsuite name="TestK" tests="0" failures="1" errors="0" time="64" timestamp="2018-05-10 10:51:56" hostname="Administrator - 10.80.109.39" id="Test Suites/TestK">
      <properties>
         <property name="deviceName" value=""/>
         <property name="devicePlatform" value=""/>
         <property name="logFolder" value="F:\\234project-backend\\234project\\Reports\\TestK\\20180510_105153"/>
         <property name="logFiles" value="F:\\234project-backend\\234project\\Reports\\TestK\\20180510_105153\\execution0.log"/>
         <property name="attachments" value="F:\\234project-backend\\234project\\Reports\\TestK\\20180510_105153\\1525924378444.png, F:\\234project-backend\\234project\\Reports\\TestK\\20180510_105153\\1525924379192.png"/>
         <property name="hostName" value="Administrator - 10.80.109.39"/>
         <property name="os" value="Windows 10 64bit"/>
         <property name="katalonVersion" value="5.4.1.1"/>
         <property name="browser" value="Chrome 62.0.3202.94"/>
         <property name="hostAddress" value="10.80.109.39"/>
         <property name="sessionId" value="681d69ca6e47cfad166f6fd1c8cad68d"/>
         <property name="seleniumVersion" value="3.7.1"/>
         <property name="proxyInformation" value="ProxyInformation{proxyOption=NO_PROXY, proxyServerType=HTTP, password=, proxyServerAddress=, proxyServerPort=0}"/>
         <property name="platform" value="Windows 10"/>
      </properties>
      <testcase name="Test Cases/TestK" classname="Test Cases/TestK" status="FAILED">
         <failure type="FAILED" message="Verify element text of test object 'Object Repository/TotalTransaction/td_Garden Papaya' FAILED. (Root cause: com.kms.katalon.core.webui.exception.WebElementNotFoundException: Web element with id: 'Object Repository/TotalTransaction/td_Garden Papaya' located by 'By.xpath: //td[(text() = 'Garden, Papaya' or . = 'Garden, Papaya')]' not found)"/>
         <system-out><![CDATA[2018-05-10 10:51:57 - [TEST_CASE][FAILED] - Test Cases/TestK: Test Cases/TestK FAILED because (of) Verify element text of test object 'Object Repository/TotalTransaction/td_Garden Papaya' FAILED. (Root cause: com.kms.katalon.core.webui.exception.WebElementNotFoundException: Web element with id: 'Object Repository/TotalTransaction/td_Garden Papaya' located by 'By.xpath: //td[(text() = 'Garden, Papaya' or . = 'Garden, Papaya')]' not found)

2018-05-10 10:51:58 - [TEST_STEP][PASSED] - openBrowser: Browser is opened with url: ''

2018-05-10 10:52:12 - [MESSAGE][PASSED] - Browser is opened with url: ''

2018-05-10 10:52:12 - [TEST_STEP][PASSED] - navigateToUrl: Navigate to 'http://54.245.190.238:9998/' successfully

2018-05-10 10:52:22 - [MESSAGE][PASSED] - Navigate to 'http://54.245.190.238:9998/' successfully

2018-05-10 10:52:22 - [TEST_STEP][PASSED] - setText: Text 'admin' is set on object 'Object Repository/TotalTransaction/input_username'

2018-05-10 10:52:24 - [MESSAGE][PASSED] - Text 'admin' is set on object 'Object Repository/TotalTransaction/input_username'

2018-05-10 10:52:24 - [TEST_STEP][PASSED] - setText: Text 'admin' is set on object 'Object Repository/TotalTransaction/input_password'

2018-05-10 10:52:24 - [MESSAGE][PASSED] - Text 'admin' is set on object 'Object Repository/TotalTransaction/input_password'

2018-05-10 10:52:24 - [TEST_STEP][PASSED] - click: Object: 'Object Repository/TotalTransaction/button_Login' is clicked on

2018-05-10 10:52:25 - [MESSAGE][PASSED] - Object: 'Object Repository/TotalTransaction/button_Login' is clicked on

2018-05-10 10:52:25 - [TEST_STEP][PASSED] - verifyElementClickable: Object 'Object Repository/TotalTransaction/a_Total Transaction' is clickable

2018-05-10 10:52:26 - [MESSAGE][PASSED] - Object 'Object Repository/TotalTransaction/a_Total Transaction' is clickable

2018-05-10 10:52:26 - [TEST_STEP][FAILED] - verifyElementText: Verify element text of test object 'Object Repository/TotalTransaction/td_Garden Papaya' FAILED. (Root cause: com.kms.katalon.core.webui.exception.WebElementNotFoundException: Web element with id: 'Object Repository/TotalTransaction/td_Garden Papaya' located by 'By.xpath: //td[(text() = 'Garden, Papaya' or . = 'Garden, Papaya')]' not found)

2018-05-10 10:52:59 - [MESSAGE][FAILED] - com.kms.katalon.core.webui.exception.WebElementNotFoundException: Web element with id: 'Object Repository/TotalTransaction/td_Garden Papaya' located by 'By.xpath: //td[(text() = 'Garden, Papaya' or . = 'Garden, Papaya')]' not found
[[ATTACHMENT|F:\\234project-backend\\234project\\Reports\\TestK\\20180510_105153\\1525924378444.png]]

2018-05-10 10:52:59 - [MESSAGE][FAILED] - Verify element text of test object 'Object Repository/TotalTransaction/td_Garden Papaya' FAILED. (Root cause: com.kms.katalon.core.webui.exception.WebElementNotFoundException: Web element with id: 'Object Repository/TotalTransaction/td_Garden Papaya' located by 'By.xpath: //td[(text() = 'Garden, Papaya' or . = 'Garden, Papaya')]' not found)
[[ATTACHMENT|F:\\234project-backend\\234project\\Reports\\TestK\\20180510_105153\\1525924379192.png]]]]></system-out>
         <system-err><![CDATA[2018-05-10 10:51:57 - [TEST_CASE][FAILED] - Test Cases/TestK: Test Cases/TestK FAILED because (of) Verify element text of test object 'Object Repository/TotalTransaction/td_Garden Papaya' FAILED. (Root cause: com.kms.katalon.core.webui.exception.WebElementNotFoundException: Web element with id: 'Object Repository/TotalTransaction/td_Garden Papaya' located by 'By.xpath: //td[(text() = 'Garden, Papaya' or . = 'Garden, Papaya')]' not found)]]></system-err>
      </testcase>
      <system-out><![CDATA[2018-05-10 10:51:56 - [TEST_SUITE][FAILED] - TestK: Test Cases/TestK FAILED because (of) Verify element text of test object 'Object Repository/TotalTransaction/td_Garden Papaya' FAILED. (Root cause: com.kms.katalon.core.webui.exception.WebElementNotFoundException: Web element with id: 'Object Repository/TotalTransaction/td_Garden Papaya' located by 'By.xpath: //td[(text() = 'Garden, Papaya' or . = 'Garden, Papaya')]' not found)]]></system-out>
      <system-err><![CDATA[2018-05-10 10:51:56 - [TEST_SUITE][FAILED] - TestK: Test Cases/TestK FAILED because (of) Verify element text of test object 'Object Repository/TotalTransaction/td_Garden Papaya' FAILED. (Root cause: com.kms.katalon.core.webui.exception.WebElementNotFoundException: Web element with id: 'Object Repository/TotalTransaction/td_Garden Papaya' located by 'By.xpath: //td[(text() = 'Garden, Papaya' or . = 'Garden, Papaya')]' not found)]]></system-err>
   </testsuite>
</testsuites>
